2021-08-22T11:17:17+09:00 [DEBU] [CREATEVOLUME][{Name:vol2 NewName: Array:POSArray SubNQN: Size:1073741824 Maxiops:0 Maxbw:0 NameSuffix:0 TotalCount:0 StopOnError:false MountAll:false}][volume.go:182 SendIbofosAPI()] 
2021-08-22T11:17:17+09:00 [DEBU] sendIBoF : {Command:CREATEVOLUME Rid:6bad9f20-7d84-4c05-9b35-c7c71f45d7af Param:{Name:vol2 NewName: Array:POSArray SubNQN: Size:1073741824 Maxiops:0 Maxbw:0 NameSuffix:0 TotalCount:0 StopOnError:false MountAll:false}}[messageHandler.go:101 sendIBoF()] 
2021-08-22T11:17:17+09:00 [INFO] WriteToIBoFSocket : Write Success
[ibofHandler.go:69 WriteToIBoFSocket()] 
2021-08-22T11:17:17+09:00 [INFO] readFromIBoFSocket Start[ibofHandler.go:39 ReadFromIBoFSocket()] 
2021-08-22T11:17:48+09:00 [DEBU] [LISTVOLUME][{Name: NewName: Array:POSArray SubNQN: Size:0 Maxiops:0 Maxbw:0 NameSuffix:0 TotalCount:0 StopOnError:false MountAll:false}][volume.go:182 SendIbofosAPI()] 
2021-08-22T11:17:49+09:00 [DEBU] sendIBoF : {Command:LISTVOLUME Rid:3a951ac7-2534-43c8-8fb1-3faf5c0d15dc Param:{Name: NewName: Array:POSArray SubNQN: Size:0 Maxiops:0 Maxbw:0 NameSuffix:0 TotalCount:0 StopOnError:false MountAll:false}}[messageHandler.go:101 sendIBoF()] 
2021-08-22T11:17:49+09:00 [INFO] WriteToIBoFSocket : Write Success
[ibofHandler.go:69 WriteToIBoFSocket()] 
2021-08-22T11:17:49+09:00 [INFO] readFromIBoFSocket Start[ibofHandler.go:39 ReadFromIBoFSocket()] 
2021-08-22T11:18:01+09:00 [DEBU] [LISTVOLUME][{Name: NewName: Array:POSArray SubNQN: Size:0 Maxiops:0 Maxbw:0 NameSuffix:0 TotalCount:0 StopOnError:false MountAll:false}][volume.go:182 SendIbofosAPI()] 
2021-08-22T11:18:01+09:00 [DEBU] sendIBoF : {Command:LISTVOLUME Rid:e57f373f-5f9e-48ed-a205-25f0b0a26aa8 Param:{Name: NewName: Array:POSArray SubNQN: Size:0 Maxiops:0 Maxbw:0 NameSuffix:0 TotalCount:0 StopOnError:false MountAll:false}}[messageHandler.go:101 sendIBoF()] 
2021-08-22T11:18:01+09:00 [INFO] WriteToIBoFSocket : Write Success
[ibofHandler.go:69 WriteToIBoFSocket()] 
2021-08-22T11:18:01+09:00 [INFO] readFromIBoFSocket Start[ibofHandler.go:39 ReadFromIBoFSocket()] 
2021-08-22T11:18:13+09:00 [INFO] readFromIBoFSocket : Message Receive Success[ibofHandler.go:50 ReadFromIBoFSocket()] 
2021-08-22T11:18:13+09:00 [INFO] readFromIBoFSocket : Message Receive Fail :read tcp 127.0.0.1:35862->127.0.0.1:18716: read: connection reset by peer[ibofHandler.go:48 ReadFromIBoFSocket()] 
2021-08-22T11:18:13+09:00 [INFO] Response From iBoF : [messageHandler.go:116 sendIBoF()] 
2021-08-22T11:18:13+09:00 [INFO] Response From iBoF : [messageHandler.go:116 sendIBoF()] 
2021-08-22T11:18:13+09:00 [FATA] EOF[messageHandler.go:125 sendIBoF()] 
2021-08-22T11:20:42+09:00 [ERRO] ConnectToIBoFOS : [dial tcp 127.0.0.1:18716: connect: connection refused][ibofHandler.go:18 ConnectToIBoFOS()] 
2021-08-22T11:20:42+09:00 [ERRO] iBoF Connection Error[array.go:32 GetArray()] 
2021-08-22T11:20:42+09:00 [DEBU] {ARRAYINFO 1c3920e3-25e4-41c1-98a5-190a303fbed8 {0 POSArray  [] [] [] }}[array.go:34 GetArray()] 
2021-08-22T11:20:42+09:00 [DEBU] { 0 {{ 0    } <nil>} <nil>}[array.go:35 GetArray()] 
2021-08-22T11:20:46+09:00 [ERRO] ConnectToIBoFOS : [dial tcp 127.0.0.1:18716: connect: connection refused][ibofHandler.go:18 ConnectToIBoFOS()] 
2021-08-22T11:20:46+09:00 [ERRO] iBoF Connection Error[system.go:30 GetSystem()] 
2021-08-22T11:20:46+09:00 [DEBU] {GETIBOFOSINFO 9f018853-062e-4cce-846f-a89b758f5734 {}}[system.go:32 GetSystem()] 
2021-08-22T11:20:46+09:00 [DEBU] { 0 {{ 0    } <nil>} <nil>}[system.go:33 GetSystem()] 
2021-08-22T11:20:51+09:00 [ERRO] ConnectToIBoFOS : [dial tcp 127.0.0.1:18716: connect: connection refused][ibofHandler.go:18 ConnectToIBoFOS()] 
2021-08-22T11:20:51+09:00 [ERRO] iBoF Connection Error[array.go:32 GetArray()] 
2021-08-22T11:20:51+09:00 [DEBU] {ARRAYINFO 69255de5-bf30-4705-8fc8-9803a6b6546b {0 POSArray  [] [] [] }}[array.go:34 GetArray()] 
2021-08-22T11:20:51+09:00 [DEBU] { 0 {{ 0    } <nil>} <nil>}[array.go:35 GetArray()] 
2021-08-22T11:20:55+09:00 [ERRO] ConnectToIBoFOS : [dial tcp 127.0.0.1:18716: connect: connection refused][ibofHandler.go:18 ConnectToIBoFOS()] 
2021-08-22T11:20:55+09:00 [ERRO] iBoF Connection Error[device.go:31 GetDevice()] 
2021-08-22T11:20:55+09:00 [DEBU] {Command:LISTDEVICE Rid:487efc6f-633d-4a52-a033-62cb1fa8fa1b Param:{Name: Spare: Array: DevType: NumBlocks:0 BlockSize:0}}[device.go:33 GetDevice()] 
2021-08-22T11:20:55+09:00 [DEBU] {Rid: LastSuccessTime:0 Result:{Status:{Module: Code:0 Level: Description: Problem: Solution:} Data:<nil>} Info:<nil>}[device.go:34 GetDevice()] 
2021-08-22T11:21:05+09:00 [ERRO] ConnectToIBoFOS : [dial tcp 127.0.0.1:18716: connect: connection refused][ibofHandler.go:18 ConnectToIBoFOS()] 
2021-08-22T11:21:05+09:00 [ERRO] iBoF Connection Error[device.go:69 GetDeviceSmart()] 
2021-08-22T11:21:05+09:00 [DEBU] {Command:SMART Rid:8f7c92e8-22bf-4f55-bf8e-3283793587e0 Param:{Name:unvme-ns-0 Spare: Array: DevType: NumBlocks:0 BlockSize:0}}[device.go:71 GetDeviceSmart()] 
2021-08-22T11:21:05+09:00 [DEBU] {Rid: LastSuccessTime:0 Result:{Status:{Module: Code:0 Level: Description: Problem: Solution:} Data:<nil>} Info:<nil>}[device.go:72 GetDeviceSmart()] 
2021-08-22T11:21:09+09:00 [ERRO] ConnectToIBoFOS : [dial tcp 127.0.0.1:18716: connect: connection refused][ibofHandler.go:18 ConnectToIBoFOS()] 
2021-08-22T11:21:09+09:00 [ERRO] iBoF Connection Error[device.go:69 GetDeviceSmart()] 
2021-08-22T11:21:09+09:00 [DEBU] {Command:SMART Rid:05936294-01f1-492f-8f7e-aa1f0501ee8e Param:{Name:unvme-ns-0 Spare: Array: DevType: NumBlocks:0 BlockSize:0}}[device.go:71 GetDeviceSmart()] 
2021-08-22T11:21:09+09:00 [DEBU] {Rid: LastSuccessTime:0 Result:{Status:{Module: Code:0 Level: Description: Problem: Solution:} Data:<nil>} Info:<nil>}[device.go:72 GetDeviceSmart()] 
2021-08-22T11:22:07+09:00 [DEBU] [LISTVOLUME][{Name: NewName: Array: SubNQN: Size:0 Maxiops:0 Maxbw:0 NameSuffix:0 TotalCount:0 StopOnError:false MountAll:false}][volume.go:182 SendIbofosAPI()] 
2021-08-22T11:22:07+09:00 [ERRO] ConnectToIBoFOS : [dial tcp 127.0.0.1:18716: connect: connection refused][ibofHandler.go:18 ConnectToIBoFOS()] 
2021-08-22T11:22:07+09:00 [ERRO] iBoF Connection Error[volume.go:191 SendIbofosAPI()] 
2021-08-22T11:22:07+09:00 [ERRO] iBoF Connection Error[volume.go:42 GetVolume()] 
2021-08-22T11:22:16+09:00 [ERRO] ConnectToIBoFOS : [dial tcp 127.0.0.1:18716: connect: connection refused][ibofHandler.go:18 ConnectToIBoFOS()] 
2021-08-22T11:22:16+09:00 [ERRO] iBoF Connection Error[array.go:32 GetArray()] 
2021-08-22T11:22:16+09:00 [DEBU] {ARRAYINFO f29580b4-04be-41b4-9a98-c89c132dfbf1 {0 POSArray  [] [] [] }}[array.go:34 GetArray()] 
2021-08-22T11:22:16+09:00 [DEBU] { 0 {{ 0    } <nil>} <nil>}[array.go:35 GetArray()] 
2021-08-22T11:22:24+09:00 [ERRO] ConnectToIBoFOS : [dial tcp 127.0.0.1:18716: connect: connection refused][ibofHandler.go:18 ConnectToIBoFOS()] 
2021-08-22T11:22:24+09:00 [ERRO] iBoF Connection Error[system.go:30 GetSystem()] 
2021-08-22T11:22:24+09:00 [DEBU] {GETIBOFOSINFO 303ef46d-5b3c-4bb9-854b-a2a9ff574a89 {}}[system.go:32 GetSystem()] 
2021-08-22T11:22:24+09:00 [DEBU] { 0 {{ 0    } <nil>} <nil>}[system.go:33 GetSystem()] 
2021-08-22T11:32:32+09:00 [ERRO] ConnectToIBoFOS : [dial tcp 127.0.0.1:18716: connect: connection refused][ibofHandler.go:18 ConnectToIBoFOS()] 
2021-08-22T11:32:32+09:00 [ERRO] iBoF Connection Error[device.go:31 GetDevice()] 
2021-08-22T11:32:32+09:00 [DEBU] {Command:LISTDEVICE Rid:577e7baf-858e-454e-b09b-c460fa342bb5 Param:{Name: Spare: Array: DevType: NumBlocks:0 BlockSize:0}}[device.go:33 GetDevice()] 
2021-08-22T11:32:32+09:00 [DEBU] {Rid: LastSuccessTime:0 Result:{Status:{Module: Code:0 Level: Description: Problem: Solution:} Data:<nil>} Info:<nil>}[device.go:34 GetDevice()] 
2021-08-22T11:32:46+09:00 [ERRO] ConnectToIBoFOS : [dial tcp 127.0.0.1:18716: connect: connection refused][ibofHandler.go:18 ConnectToIBoFOS()] 
2021-08-22T11:32:46+09:00 [ERRO] iBoF Connection Error[device.go:31 GetDevice()] 
2021-08-22T11:32:46+09:00 [DEBU] {Command:LISTDEVICE Rid:ce91ad6e-2315-43db-911a-9231231de160 Param:{Name: Spare: Array: DevType: NumBlocks:0 BlockSize:0}}[device.go:33 GetDevice()] 
2021-08-22T11:32:46+09:00 [DEBU] {Rid: LastSuccessTime:0 Result:{Status:{Module: Code:0 Level: Description: Problem: Solution:} Data:<nil>} Info:<nil>}[device.go:34 GetDevice()] 
2021-08-22T11:32:58+09:00 [ERRO] ConnectToIBoFOS : [dial tcp 127.0.0.1:18716: connect: connection refused][ibofHandler.go:18 ConnectToIBoFOS()] 
2021-08-22T11:32:58+09:00 [ERRO] iBoF Connection Error[device.go:69 GetDeviceSmart()] 
2021-08-22T11:32:58+09:00 [DEBU] {Command:SMART Rid:2e074347-e6d8-40e0-a931-6fb795506819 Param:{Name:unvme-ns-0 Spare: Array: DevType: NumBlocks:0 BlockSize:0}}[device.go:71 GetDeviceSmart()] 
2021-08-22T11:32:58+09:00 [DEBU] {Rid: LastSuccessTime:0 Result:{Status:{Module: Code:0 Level: Description: Problem: Solution:} Data:<nil>} Info:<nil>}[device.go:72 GetDeviceSmart()] 
2021-08-22T11:33:36+09:00 [ERRO] ConnectToIBoFOS : [dial tcp 127.0.0.1:18716: connect: connection refused][ibofHandler.go:18 ConnectToIBoFOS()] 
2021-08-22T11:33:36+09:00 [ERRO] iBoF Connection Error[device.go:49 GetDeviceScan()] 
2021-08-22T11:33:36+09:00 [DEBU] {Command:SCANDEVICE Rid:49fd3bdf-d935-4ee9-b053-4a2ff6a5b5a9 Param:{Name: Spare: Array: DevType: NumBlocks:0 BlockSize:0}}[device.go:51 GetDeviceScan()] 
2021-08-22T11:33:36+09:00 [DEBU] {Rid: LastSuccessTime:0 Result:{Status:{Module: Code:0 Level: Description: Problem: Solution:} Data:<nil>} Info:<nil>}[device.go:52 GetDeviceScan()] 
2021-08-22T11:41:13+09:00 [DEBU] [LISTVOLUME][{Name: NewName: Array: SubNQN: Size:0 Maxiops:0 Maxbw:0 NameSuffix:0 TotalCount:0 StopOnError:false MountAll:false}][volume.go:182 SendIbofosAPI()] 
2021-08-22T11:41:13+09:00 [ERRO] ConnectToIBoFOS : [dial tcp 127.0.0.1:18716: connect: connection refused][ibofHandler.go:18 ConnectToIBoFOS()] 
2021-08-22T11:41:13+09:00 [ERRO] iBoF Connection Error[volume.go:191 SendIbofosAPI()] 
2021-08-22T11:41:13+09:00 [ERRO] iBoF Connection Error[volume.go:42 GetVolume()] 
2021-08-22T11:41:21+09:00 [DEBU] [GETMAXVOLUMECOUNT][{Name: NewName: Array: SubNQN: Size:0 Maxiops:0 Maxbw:0 NameSuffix:0 TotalCount:0 StopOnError:false MountAll:false}][volume.go:182 SendIbofosAPI()] 
2021-08-22T11:41:21+09:00 [ERRO] ConnectToIBoFOS : [dial tcp 127.0.0.1:18716: connect: connection refused][ibofHandler.go:18 ConnectToIBoFOS()] 
2021-08-22T11:41:21+09:00 [ERRO] iBoF Connection Error[volume.go:191 SendIbofosAPI()] 
2021-08-22T11:41:21+09:00 [ERRO] iBoF Connection Error[volume.go:50 GetVolumeMaxcount()] 
2021-08-22T11:41:25+09:00 [ERRO] ConnectToIBoFOS : [dial tcp 127.0.0.1:18716: connect: connection refused][ibofHandler.go:18 ConnectToIBoFOS()] 
2021-08-22T11:41:25+09:00 [ERRO] iBoF Connection Error[device.go:49 GetDeviceScan()] 
2021-08-22T11:41:25+09:00 [DEBU] {Command:SCANDEVICE Rid:f496698f-aa23-43b9-8e1e-470a078a920b Param:{Name: Spare: Array: DevType: NumBlocks:0 BlockSize:0}}[device.go:51 GetDeviceScan()] 
2021-08-22T11:41:25+09:00 [DEBU] {Rid: LastSuccessTime:0 Result:{Status:{Module: Code:0 Level: Description: Problem: Solution:} Data:<nil>} Info:<nil>}[device.go:52 GetDeviceScan()] 
2021-08-22T11:53:44+09:00 [DEBU] [LISTVOLUME][{Name: NewName: Array:POSArray SubNQN: Size:0 Maxiops:0 Maxbw:0 NameSuffix:0 TotalCount:0 StopOnError:false MountAll:false}][messageHandler.go:51 SendIbofos()] 
2021-08-22T11:53:44+09:00 [ERRO] ConnectToIBoFOS : [dial tcp 127.0.0.1:18716: connect: connection refused][ibofHandler.go:18 ConnectToIBoFOS()] 
2021-08-22T11:53:44+09:00 [ERRO] iBoF Connection Error[messageHandler.go:60 SendIbofos()] 
2021-08-22T11:53:44+09:00 [ERRO] iBoF Connection Error[volume.go:40 GetVolume()] 
2021-08-22T11:53:50+09:00 [ERRO] ConnectToIBoFOS : [dial tcp 127.0.0.1:18716: connect: connection refused][ibofHandler.go:18 ConnectToIBoFOS()] 
2021-08-22T11:53:50+09:00 [ERRO] iBoF Connection Error[device.go:31 GetDevice()] 
2021-08-22T11:53:50+09:00 [DEBU] {Command:LISTDEVICE Rid:9b038cca-acd5-4f9f-94ea-14d786141bce Param:{Name: Spare: Array: DevType: NumBlocks:0 BlockSize:0}}[device.go:33 GetDevice()] 
2021-08-22T11:53:50+09:00 [DEBU] {Rid: LastSuccessTime:0 Result:{Status:{Module: Code:0 Level: Description: Problem: Solution:} Data:<nil>} Info:<nil>}[device.go:34 GetDevice()] 
2021-08-22T11:58:35+09:00 [DEBU] [LISTDEVICE][{Name: Spare: Array: DevType: NumBlocks:0 BlockSize:0}][messageHandler.go:51 SendIbofos()] 
2021-08-22T11:58:35+09:00 [ERRO] ConnectToIBoFOS : [dial tcp 127.0.0.1:18716: connect: connection refused][ibofHandler.go:18 ConnectToIBoFOS()] 
2021-08-22T11:58:35+09:00 [ERRO] iBoF Connection Error[messageHandler.go:60 SendIbofos()] 
2021-08-22T11:58:35+09:00 [ERRO] iBoF Connection Error[device.go:23 GetDevice()] 
2021-08-22T11:58:38+09:00 [DEBU] [SMART][{Name:unvme-ns-0 Spare: Array: DevType: NumBlocks:0 BlockSize:0}][messageHandler.go:51 SendIbofos()] 
2021-08-22T11:58:38+09:00 [ERRO] ConnectToIBoFOS : [dial tcp 127.0.0.1:18716: connect: connection refused][ibofHandler.go:18 ConnectToIBoFOS()] 
2021-08-22T11:58:38+09:00 [ERRO] iBoF Connection Error[messageHandler.go:60 SendIbofos()] 
2021-08-22T11:58:38+09:00 [ERRO] iBoF Connection Error[device.go:41 GetDeviceSmart()] 
2021-08-22T12:02:26+09:00 [DEBU] [LISTDEVICE][{Name: Spare: Array: DevType: NumBlocks:0 BlockSize:0}][messageHandler.go:51 SendIbofos()] 
2021-08-22T12:02:26+09:00 [DEBU] sendIBoF : {Command:LISTDEVICE Rid:d31922a3-1643-4ce6-9ed2-d4b18adc645b Param:{Name: Spare: Array: DevType: NumBlocks:0 BlockSize:0}}[messageHandler.go:136 sendIBoF()] 
2021-08-22T12:02:26+09:00 [INFO] WriteToIBoFSocket : Write Success
[ibofHandler.go:69 WriteToIBoFSocket()] 
2021-08-22T12:02:26+09:00 [INFO] readFromIBoFSocket Start[ibofHandler.go:39 ReadFromIBoFSocket()] 
2021-08-22T12:02:26+09:00 [INFO] readFromIBoFSocket : Message Receive Success[ibofHandler.go:50 ReadFromIBoFSocket()] 
2021-08-22T12:02:26+09:00 [INFO] Response From iBoF : {"command":"LISTDEVICE","rid":"d31922a3-1643-4ce6-9ed2-d4b18adc645b","result":{"status":{"code":0,"description":"list of existing devices"},"data":{"devicelist":[{"name":"unvme-ns-0","size":5368709120,"mn":"ORCL-VBOX-NVME-VER12                    ","sn":"VB1234-56789        ","type":"SSD","addr":"0000:00:0e.0","class":"ARRAY","numa":"0"},{"name":"unvme-ns-1","size":5368709120,"mn":"ORCL-VBOX-NVME-VER12                    ","sn":"VB1234-56789        ","type":"SSD","addr":"0000:00:0e.0","class":"SYSTEM","numa":"0"},{"name":"unvme-ns-2","size":5368709120,"mn":"ORCL-VBOX-NVME-VER12                    ","sn":"VB1234-56789        ","type":"SSD","addr":"0000:00:0e.0","class":"SYSTEM","numa":"0"},{"name":"unvme-ns-3","size":5368709120,"mn":"ORCL-VBOX-NVME-VER12                    ","sn":"VB1234-56789        ","type":"SSD","addr":"0000:00:0e.0","class":"SYSTEM","numa":"0"},{"name":"unvme-ns-4","size":5368709120,"mn":"ORCL-VBOX-NVME-VER12                    ","sn":"VB1234-56789        ","type":"SSD","addr":"0000:00:0e.0","class":"SYSTEM","numa":"0"},{"name":"uram0","size":4294967296,"mn":"uram0","sn":"uram0","type":"NVRAM","addr":"","class":"ARRAY","numa":"UNKNOWN"}]}},"info":{"version":"pos-0.9.2"}}[messageHandler.go:151 sendIBoF()] 
2021-08-22T12:02:26+09:00 [INFO] Connection Cloase : 127.0.0.1:36148[ibofHandler.go:28 DisconnectToIBoFOS()] 
2021-08-22T12:02:26+09:00 [DEBU] {Command:LISTDEVICE Rid:d31922a3-1643-4ce6-9ed2-d4b18adc645b Param:{Name: Spare: Array: DevType: NumBlocks:0 BlockSize:0}}[messageHandler.go:75 SendIbofos()] 
2021-08-22T12:02:26+09:00 [DEBU] {Rid:d31922a3-1643-4ce6-9ed2-d4b18adc645b LastSuccessTime:1629601346 Result:{Status:{Module: Code:0 Level: Description:list of existing devices Problem: Solution:} Data:map[devicelist:[map[addr:0000:00:0e.0 class:ARRAY mn:ORCL-VBOX-NVME-VER12                     name:unvme-ns-0 numa:0 size:5368709120 sn:VB1234-56789         type:SSD] map[addr:0000:00:0e.0 class:SYSTEM mn:ORCL-VBOX-NVME-VER12                     name:unvme-ns-1 numa:0 size:5368709120 sn:VB1234-56789         type:SSD] map[addr:0000:00:0e.0 class:SYSTEM mn:ORCL-VBOX-NVME-VER12                     name:unvme-ns-2 numa:0 size:5368709120 sn:VB1234-56789         type:SSD] map[addr:0000:00:0e.0 class:SYSTEM mn:ORCL-VBOX-NVME-VER12                     name:unvme-ns-3 numa:0 size:5368709120 sn:VB1234-56789         type:SSD] map[addr:0000:00:0e.0 class:SYSTEM mn:ORCL-VBOX-NVME-VER12                     name:unvme-ns-4 numa:0 size:5368709120 sn:VB1234-56789         type:SSD] map[addr: class:ARRAY mn:uram0 name:uram0 numa:UNKNOWN size:4294967296 sn:uram0 type:NVRAM]]]} Info:map[version:pos-0.9.2]}[messageHandler.go:76 SendIbofos()] 
2021-08-22T12:02:34+09:00 [DEBU] [SMART][{Name:unvme-ns-0 Spare: Array: DevType: NumBlocks:0 BlockSize:0}][messageHandler.go:51 SendIbofos()] 
2021-08-22T12:02:34+09:00 [DEBU] sendIBoF : {Command:SMART Rid:57531f62-4a28-49bb-8941-2bbbdccfa392 Param:{Name:unvme-ns-0 Spare: Array: DevType: NumBlocks:0 BlockSize:0}}[messageHandler.go:136 sendIBoF()] 
2021-08-22T12:02:34+09:00 [INFO] WriteToIBoFSocket : Write Success
[ibofHandler.go:69 WriteToIBoFSocket()] 
2021-08-22T12:02:34+09:00 [INFO] readFromIBoFSocket Start[ibofHandler.go:39 ReadFromIBoFSocket()] 
2021-08-22T12:02:34+09:00 [INFO] readFromIBoFSocket : Message Receive Success[ibofHandler.go:50 ReadFromIBoFSocket()] 
2021-08-22T12:02:34+09:00 [INFO] Response From iBoF : {"command":"NVMEADMINCOMMAND","rid":"57531f62-4a28-49bb-8941-2bbbdccfa392","result":{"status":{"code":0,"description":"DONE"},"data":{"availableSpareSpace":"OK","temperature":"OK","deviceReliability":"OK","readOnly":"No","volatileMemoryBackup":"OK","currentTemperature":"-273C","availableSpare":"0%","availableSpareThreshold":"0%","lifePercentageUsed":"0%","dataUnitsRead":"0","dataUnitsWritten":"0","hostReadCommands":"0","hostWriteCommands":"0","contollerBusyTime":"0m","powerCycles":"0","powerOnHours":"0h","unsafeShutdowns":"0","unrecoverableMediaErrors":"0","lifetimeErrorLogEntries":"0","warningTemperatureTime":"0m","criticalTemperatureTime":"0m"}},"info":{"version":"pos-0.9.2"}}[messageHandler.go:151 sendIBoF()] 
2021-08-22T12:02:34+09:00 [INFO] Connection Cloase : 127.0.0.1:36152[ibofHandler.go:28 DisconnectToIBoFOS()] 
2021-08-22T12:02:34+09:00 [DEBU] {Command:SMART Rid:57531f62-4a28-49bb-8941-2bbbdccfa392 Param:{Name:unvme-ns-0 Spare: Array: DevType: NumBlocks:0 BlockSize:0}}[messageHandler.go:75 SendIbofos()] 
2021-08-22T12:02:34+09:00 [DEBU] {Rid:57531f62-4a28-49bb-8941-2bbbdccfa392 LastSuccessTime:1629601354 Result:{Status:{Module: Code:0 Level: Description:DONE Problem: Solution:} Data:map[availableSpare:0% availableSpareSpace:OK availableSpareThreshold:0% contollerBusyTime:0m criticalTemperatureTime:0m currentTemperature:-273C dataUnitsRead:0 dataUnitsWritten:0 deviceReliability:OK hostReadCommands:0 hostWriteCommands:0 lifePercentageUsed:0% lifetimeErrorLogEntries:0 powerCycles:0 powerOnHours:0h readOnly:No temperature:OK unrecoverableMediaErrors:0 unsafeShutdowns:0 volatileMemoryBackup:OK warningTemperatureTime:0m]} Info:map[version:pos-0.9.2]}[messageHandler.go:76 SendIbofos()] 
2021-08-22T12:02:38+09:00 [DEBU] [LISTVOLUME][{Name: NewName: Array:POSArray SubNQN: Size:0 Maxiops:0 Maxbw:0 NameSuffix:0 TotalCount:0 StopOnError:false MountAll:false}][messageHandler.go:51 SendIbofos()] 
2021-08-22T12:02:38+09:00 [DEBU] sendIBoF : {Command:LISTVOLUME Rid:eef4fa76-8657-43ca-82b8-52ffbaa4266e Param:{Name: NewName: Array:POSArray SubNQN: Size:0 Maxiops:0 Maxbw:0 NameSuffix:0 TotalCount:0 StopOnError:false MountAll:false}}[messageHandler.go:136 sendIBoF()] 
2021-08-22T12:02:38+09:00 [INFO] WriteToIBoFSocket : Write Success
[ibofHandler.go:69 WriteToIBoFSocket()] 
2021-08-22T12:02:38+09:00 [INFO] readFromIBoFSocket Start[ibofHandler.go:39 ReadFromIBoFSocket()] 
2021-08-22T12:02:38+09:00 [INFO] readFromIBoFSocket : Message Receive Success[ibofHandler.go:50 ReadFromIBoFSocket()] 
2021-08-22T12:02:38+09:00 [INFO] Response From iBoF : {"command":"LISTVOLUME","rid":"eef4fa76-8657-43ca-82b8-52ffbaa4266e","result":{"status":{"code":0,"description":"no any volume exist in POSArray"}},"info":{"version":"pos-0.9.2"}}[messageHandler.go:151 sendIBoF()] 
2021-08-22T12:02:38+09:00 [INFO] Connection Cloase : 127.0.0.1:36156[ibofHandler.go:28 DisconnectToIBoFOS()] 
2021-08-22T12:02:38+09:00 [DEBU] {Command:LISTVOLUME Rid:eef4fa76-8657-43ca-82b8-52ffbaa4266e Param:{Name: NewName: Array:POSArray SubNQN: Size:0 Maxiops:0 Maxbw:0 NameSuffix:0 TotalCount:0 StopOnError:false MountAll:false}}[messageHandler.go:75 SendIbofos()] 
2021-08-22T12:02:38+09:00 [DEBU] {Rid:eef4fa76-8657-43ca-82b8-52ffbaa4266e LastSuccessTime:1629601358 Result:{Status:{Module: Code:0 Level: Description:no any volume exist in POSArray Problem: Solution:} Data:<nil>} Info:map[version:pos-0.9.2]}[messageHandler.go:76 SendIbofos()] 
2021-08-22T12:02:43+09:00 [DEBU] [LISTVOLUME][{Name: NewName: Array: SubNQN: Size:0 Maxiops:0 Maxbw:0 NameSuffix:0 TotalCount:0 StopOnError:false MountAll:false}][messageHandler.go:51 SendIbofos()] 
2021-08-22T12:02:43+09:00 [DEBU] sendIBoF : {Command:LISTVOLUME Rid:aa477bde-a61e-46a4-b88a-afa15e56e7d5 Param:{Name: NewName: Array: SubNQN: Size:0 Maxiops:0 Maxbw:0 NameSuffix:0 TotalCount:0 StopOnError:false MountAll:false}}[messageHandler.go:136 sendIBoF()] 
2021-08-22T12:02:43+09:00 [INFO] WriteToIBoFSocket : Write Success
[ibofHandler.go:69 WriteToIBoFSocket()] 
2021-08-22T12:02:43+09:00 [INFO] readFromIBoFSocket Start[ibofHandler.go:39 ReadFromIBoFSocket()] 
2021-08-22T12:02:43+09:00 [INFO] readFromIBoFSocket : Message Receive Success[ibofHandler.go:50 ReadFromIBoFSocket()] 
2021-08-22T12:02:43+09:00 [INFO] Response From iBoF : {"command":"LISTVOLUME","rid":"aa477bde-a61e-46a4-b88a-afa15e56e7d5","result":{"status":{"code":0,"description":"no any volume exist in POSArray"}},"info":{"version":"pos-0.9.2"}}[messageHandler.go:151 sendIBoF()] 
2021-08-22T12:02:43+09:00 [INFO] Connection Cloase : 127.0.0.1:36164[ibofHandler.go:28 DisconnectToIBoFOS()] 
2021-08-22T12:02:43+09:00 [DEBU] {Command:LISTVOLUME Rid:aa477bde-a61e-46a4-b88a-afa15e56e7d5 Param:{Name: NewName: Array: SubNQN: Size:0 Maxiops:0 Maxbw:0 NameSuffix:0 TotalCount:0 StopOnError:false MountAll:false}}[messageHandler.go:75 SendIbofos()] 
2021-08-22T12:02:43+09:00 [DEBU] {Rid:aa477bde-a61e-46a4-b88a-afa15e56e7d5 LastSuccessTime:1629601363 Result:{Status:{Module: Code:0 Level: Description:no any volume exist in POSArray Problem: Solution:} Data:<nil>} Info:map[version:pos-0.9.2]}[messageHandler.go:76 SendIbofos()] 
2021-08-22T12:03:00+09:00 [DEBU] [GETMAXVOLUMECOUNT][{Name: NewName: Array: SubNQN: Size:0 Maxiops:0 Maxbw:0 NameSuffix:0 TotalCount:0 StopOnError:false MountAll:false}][messageHandler.go:51 SendIbofos()] 
2021-08-22T12:03:00+09:00 [DEBU] sendIBoF : {Command:GETMAXVOLUMECOUNT Rid:fe6bf42c-b3e6-4169-8026-3844b4ec8d3d Param:{Name: NewName: Array: SubNQN: Size:0 Maxiops:0 Maxbw:0 NameSuffix:0 TotalCount:0 StopOnError:false MountAll:false}}[messageHandler.go:136 sendIBoF()] 
2021-08-22T12:03:00+09:00 [INFO] WriteToIBoFSocket : Write Success
[ibofHandler.go:69 WriteToIBoFSocket()] 
2021-08-22T12:03:00+09:00 [INFO] readFromIBoFSocket Start[ibofHandler.go:39 ReadFromIBoFSocket()] 
2021-08-22T12:03:00+09:00 [INFO] readFromIBoFSocket : Message Receive Success[ibofHandler.go:50 ReadFromIBoFSocket()] 
2021-08-22T12:03:00+09:00 [INFO] Response From iBoF : {"command":"GETMAXVOLUMECOUNT","rid":"fe6bf42c-b3e6-4169-8026-3844b4ec8d3d","result":{"status":{"code":0,"description":"DONE"},"data":{"current array count":"1","max volume count per Array":"256","total max volume count":"256"}},"info":{"version":"pos-0.9.2"}}[messageHandler.go:151 sendIBoF()] 
2021-08-22T12:03:00+09:00 [INFO] Connection Cloase : 127.0.0.1:36172[ibofHandler.go:28 DisconnectToIBoFOS()] 
2021-08-22T12:03:00+09:00 [DEBU] {Command:GETMAXVOLUMECOUNT Rid:fe6bf42c-b3e6-4169-8026-3844b4ec8d3d Param:{Name: NewName: Array: SubNQN: Size:0 Maxiops:0 Maxbw:0 NameSuffix:0 TotalCount:0 StopOnError:false MountAll:false}}[messageHandler.go:75 SendIbofos()] 
2021-08-22T12:03:00+09:00 [DEBU] {Rid:fe6bf42c-b3e6-4169-8026-3844b4ec8d3d LastSuccessTime:1629601380 Result:{Status:{Module: Code:0 Level: Description:DONE Problem: Solution:} Data:map[current array count:1 max volume count per Array:256 total max volume count:256]} Info:map[version:pos-0.9.2]}[messageHandler.go:76 SendIbofos()] 
2021-08-22T12:03:06+09:00 [DEBU] [CREATEVOLUME][{Name:vol2 NewName: Array:POSArray SubNQN: Size:1073741824 Maxiops:0 Maxbw:0 NameSuffix:0 TotalCount:0 StopOnError:false MountAll:false}][messageHandler.go:51 SendIbofos()] 
2021-08-22T12:03:06+09:00 [DEBU] sendIBoF : {Command:CREATEVOLUME Rid:b97fd487-1d2b-432e-8670-6b60dd072c0f Param:{Name:vol2 NewName: Array:POSArray SubNQN: Size:1073741824 Maxiops:0 Maxbw:0 NameSuffix:0 TotalCount:0 StopOnError:false MountAll:false}}[messageHandler.go:136 sendIBoF()] 
2021-08-22T12:03:06+09:00 [INFO] WriteToIBoFSocket : Write Success
[ibofHandler.go:69 WriteToIBoFSocket()] 
2021-08-22T12:03:06+09:00 [INFO] readFromIBoFSocket Start[ibofHandler.go:39 ReadFromIBoFSocket()] 
2021-08-22T12:03:06+09:00 [INFO] readFromIBoFSocket : Message Receive Success[ibofHandler.go:50 ReadFromIBoFSocket()] 
2021-08-22T12:03:06+09:00 [INFO] Response From iBoF : {"command":"CREATEVOLUME","rid":"b97fd487-1d2b-432e-8670-6b60dd072c0f","result":{"status":{"code":0,"description":"vol2is created successfully.Parameter setting skipped. Fe_qos is disabled."}},"info":{"version":"pos-0.9.2"}}[messageHandler.go:151 sendIBoF()] 
2021-08-22T12:03:06+09:00 [INFO] Connection Cloase : 127.0.0.1:36176[ibofHandler.go:28 DisconnectToIBoFOS()] 
2021-08-22T12:03:06+09:00 [DEBU] {Command:CREATEVOLUME Rid:b97fd487-1d2b-432e-8670-6b60dd072c0f Param:{Name:vol2 NewName: Array:POSArray SubNQN: Size:1073741824 Maxiops:0 Maxbw:0 NameSuffix:0 TotalCount:0 StopOnError:false MountAll:false}}[messageHandler.go:75 SendIbofos()] 
2021-08-22T12:03:06+09:00 [DEBU] {Rid:b97fd487-1d2b-432e-8670-6b60dd072c0f LastSuccessTime:1629601386 Result:{Status:{Module: Code:0 Level: Description:vol2is created successfully.Parameter setting skipped. Fe_qos is disabled. Problem: Solution:} Data:<nil>} Info:map[version:pos-0.9.2]}[messageHandler.go:76 SendIbofos()] 
2021-08-22T12:03:22+09:00 [DEBU] [LISTVOLUME][{Name: NewName: Array:POSArray SubNQN: Size:0 Maxiops:0 Maxbw:0 NameSuffix:0 TotalCount:0 StopOnError:false MountAll:false}][messageHandler.go:51 SendIbofos()] 
2021-08-22T12:03:22+09:00 [DEBU] sendIBoF : {Command:LISTVOLUME Rid:d9bf75ef-a0ce-4ed6-b77a-46866c56e3d2 Param:{Name: NewName: Array:POSArray SubNQN: Size:0 Maxiops:0 Maxbw:0 NameSuffix:0 TotalCount:0 StopOnError:false MountAll:false}}[messageHandler.go:136 sendIBoF()] 
2021-08-22T12:03:22+09:00 [INFO] WriteToIBoFSocket : Write Success
[ibofHandler.go:69 WriteToIBoFSocket()] 
2021-08-22T12:03:22+09:00 [INFO] readFromIBoFSocket Start[ibofHandler.go:39 ReadFromIBoFSocket()] 
2021-08-22T12:03:22+09:00 [INFO] readFromIBoFSocket : Message Receive Success[ibofHandler.go:50 ReadFromIBoFSocket()] 
2021-08-22T12:03:22+09:00 [INFO] Response From iBoF : {"command":"LISTVOLUME","rid":"d9bf75ef-a0ce-4ed6-b77a-46866c56e3d2","result":{"status":{"code":0,"description":"list of volumes in POSArray"},"data":{"volumes":[{"name":"vol2","id":0,"total":1073741824,"status":"Unmounted","maxiops":0,"maxbw":0}]}},"info":{"version":"pos-0.9.2"}}[messageHandler.go:151 sendIBoF()] 
2021-08-22T12:03:22+09:00 [INFO] Connection Cloase : 127.0.0.1:36184[ibofHandler.go:28 DisconnectToIBoFOS()] 
2021-08-22T12:03:22+09:00 [DEBU] {Command:LISTVOLUME Rid:d9bf75ef-a0ce-4ed6-b77a-46866c56e3d2 Param:{Name: NewName: Array:POSArray SubNQN: Size:0 Maxiops:0 Maxbw:0 NameSuffix:0 TotalCount:0 StopOnError:false MountAll:false}}[messageHandler.go:75 SendIbofos()] 
2021-08-22T12:03:22+09:00 [DEBU] {Rid:d9bf75ef-a0ce-4ed6-b77a-46866c56e3d2 LastSuccessTime:1629601402 Result:{Status:{Module: Code:0 Level: Description:list of volumes in POSArray Problem: Solution:} Data:map[volumes:[map[id:0 maxbw:0 maxiops:0 name:vol2 status:Unmounted total:1073741824]]]} Info:map[version:pos-0.9.2]}[messageHandler.go:76 SendIbofos()] 
2021-08-22T12:03:27+09:00 [DEBU] [MOUNTVOLUME][{Name:vol2 NewName: Array:POSArray SubNQN: Size:0 Maxiops:0 Maxbw:0 NameSuffix:0 TotalCount:0 StopOnError:false MountAll:false}][messageHandler.go:51 SendIbofos()] 
2021-08-22T12:03:27+09:00 [DEBU] sendIBoF : {Command:MOUNTVOLUME Rid:18003c66-335e-489a-b611-62cf18b0c328 Param:{Name:vol2 NewName: Array:POSArray SubNQN: Size:0 Maxiops:0 Maxbw:0 NameSuffix:0 TotalCount:0 StopOnError:false MountAll:false}}[messageHandler.go:136 sendIBoF()] 
2021-08-22T12:03:27+09:00 [INFO] WriteToIBoFSocket : Write Success
[ibofHandler.go:69 WriteToIBoFSocket()] 
2021-08-22T12:03:27+09:00 [INFO] readFromIBoFSocket Start[ibofHandler.go:39 ReadFromIBoFSocket()] 
2021-08-22T12:03:27+09:00 [INFO] readFromIBoFSocket : Message Receive Success[ibofHandler.go:50 ReadFromIBoFSocket()] 
2021-08-22T12:03:27+09:00 [INFO] Response From iBoF : {"command":"MOUNTVOLUME","rid":"18003c66-335e-489a-b611-62cf18b0c328","result":{"status":{"code":2100,"description":"failed to mount vol2(code:2100)"}},"info":{"version":"pos-0.9.2"}}[messageHandler.go:151 sendIBoF()] 
2021-08-22T12:03:27+09:00 [INFO] Connection Cloase : 127.0.0.1:36188[ibofHandler.go:28 DisconnectToIBoFOS()] 
2021-08-22T12:03:27+09:00 [ERRO] {MODULE:VolumeManager CODE:2100 LEVEL:Warning DESCRIPTION:subsystem not created PROBLEM:Attempt to mount volume with no subsystem created SOLUTION:Subsystems must be created before mounting volumes}[messageHandler.go:71 SendIbofos()] 
2021-08-22T12:05:42+09:00 [DEBU] [GETMAXVOLUMECOUNT][{Name: NewName: Array: SubNQN: Size:0 Maxiops:0 Maxbw:0 NameSuffix:0 TotalCount:0 StopOnError:false MountAll:false}][messageHandler.go:51 SendIbofos()] 
2021-08-22T12:05:42+09:00 [DEBU] sendIBoF : {Command:GETMAXVOLUMECOUNT Rid:4c0e570c-1b6b-49d2-ba52-a5cf05163907 Param:{Name: NewName: Array: SubNQN: Size:0 Maxiops:0 Maxbw:0 NameSuffix:0 TotalCount:0 StopOnError:false MountAll:false}}[messageHandler.go:136 sendIBoF()] 
2021-08-22T12:05:42+09:00 [INFO] WriteToIBoFSocket : Write Success
[ibofHandler.go:69 WriteToIBoFSocket()] 
2021-08-22T12:05:42+09:00 [INFO] readFromIBoFSocket Start[ibofHandler.go:39 ReadFromIBoFSocket()] 
2021-08-22T12:05:42+09:00 [INFO] readFromIBoFSocket : Message Receive Success[ibofHandler.go:50 ReadFromIBoFSocket()] 
2021-08-22T12:05:42+09:00 [INFO] Response From iBoF : {"command":"GETMAXVOLUMECOUNT","rid":"4c0e570c-1b6b-49d2-ba52-a5cf05163907","result":{"status":{"code":0,"description":"DONE"},"data":{"current array count":"1","max volume count per Array":"256","total max volume count":"256"}},"info":{"version":"pos-0.9.2"}}[messageHandler.go:151 sendIBoF()] 
2021-08-22T12:05:42+09:00 [INFO] Connection Cloase : 127.0.0.1:36220[ibofHandler.go:28 DisconnectToIBoFOS()] 
2021-08-22T12:05:42+09:00 [DEBU] {Command:GETMAXVOLUMECOUNT Rid:4c0e570c-1b6b-49d2-ba52-a5cf05163907 Param:{Name: NewName: Array: SubNQN: Size:0 Maxiops:0 Maxbw:0 NameSuffix:0 TotalCount:0 StopOnError:false MountAll:false}}[messageHandler.go:75 SendIbofos()] 
2021-08-22T12:05:42+09:00 [DEBU] {Rid:4c0e570c-1b6b-49d2-ba52-a5cf05163907 LastSuccessTime:1629601542 Result:{Status:{Module: Code:0 Level: Description:DONE Problem: Solution:} Data:map[current array count:1 max volume count per Array:256 total max volume count:256]} Info:map[version:pos-0.9.2]}[messageHandler.go:76 SendIbofos()] 
2021-08-22T12:05:46+09:00 [DEBU] [LISTVOLUME][{Name: NewName: Array:POSArray SubNQN: Size:0 Maxiops:0 Maxbw:0 NameSuffix:0 TotalCount:0 StopOnError:false MountAll:false}][messageHandler.go:51 SendIbofos()] 
2021-08-22T12:05:46+09:00 [DEBU] sendIBoF : {Command:LISTVOLUME Rid:872495dd-e0d2-4252-932f-1d0a4faf719c Param:{Name: NewName: Array:POSArray SubNQN: Size:0 Maxiops:0 Maxbw:0 NameSuffix:0 TotalCount:0 StopOnError:false MountAll:false}}[messageHandler.go:136 sendIBoF()] 
2021-08-22T12:05:46+09:00 [INFO] WriteToIBoFSocket : Write Success
[ibofHandler.go:69 WriteToIBoFSocket()] 
2021-08-22T12:05:46+09:00 [INFO] readFromIBoFSocket Start[ibofHandler.go:39 ReadFromIBoFSocket()] 
2021-08-22T12:05:46+09:00 [INFO] readFromIBoFSocket : Message Receive Success[ibofHandler.go:50 ReadFromIBoFSocket()] 
2021-08-22T12:05:46+09:00 [INFO] Response From iBoF : {"command":"LISTVOLUME","rid":"872495dd-e0d2-4252-932f-1d0a4faf719c","result":{"status":{"code":0,"description":"no any volume exist in POSArray"}},"info":{"version":"pos-0.9.2"}}[messageHandler.go:151 sendIBoF()] 
2021-08-22T12:05:46+09:00 [INFO] Connection Cloase : 127.0.0.1:36224[ibofHandler.go:28 DisconnectToIBoFOS()] 
2021-08-22T12:05:46+09:00 [DEBU] {Command:LISTVOLUME Rid:872495dd-e0d2-4252-932f-1d0a4faf719c Param:{Name: NewName: Array:POSArray SubNQN: Size:0 Maxiops:0 Maxbw:0 NameSuffix:0 TotalCount:0 StopOnError:false MountAll:false}}[messageHandler.go:75 SendIbofos()] 
2021-08-22T12:05:46+09:00 [DEBU] {Rid:872495dd-e0d2-4252-932f-1d0a4faf719c LastSuccessTime:1629601546 Result:{Status:{Module: Code:0 Level: Description:no any volume exist in POSArray Problem: Solution:} Data:<nil>} Info:map[version:pos-0.9.2]}[messageHandler.go:76 SendIbofos()] 
2021-08-22T12:09:05+09:00 [DEBU] [LISTVOLUME][{Name: NewName: Array:POSArray SubNQN: Size:0 Maxiops:0 Maxbw:0 NameSuffix:0 TotalCount:0 StopOnError:false MountAll:false}][messageHandler.go:51 SendIbofos()] 
2021-08-22T12:09:05+09:00 [ERRO] ConnectToIBoFOS : [dial tcp 127.0.0.1:18716: connect: connection refused][ibofHandler.go:18 ConnectToIBoFOS()] 
2021-08-22T12:09:05+09:00 [ERRO] iBoF Connection Error[messageHandler.go:60 SendIbofos()] 
2021-08-22T12:09:05+09:00 [ERRO] iBoF Connection Error[volume.go:40 GetVolume()] 
2021-08-22T12:09:08+09:00 [DEBU] [LISTVOLUME][{Name: NewName: Array:POSArray SubNQN: Size:0 Maxiops:0 Maxbw:0 NameSuffix:0 TotalCount:0 StopOnError:false MountAll:false}][messageHandler.go:51 SendIbofos()] 
2021-08-22T12:09:08+09:00 [ERRO] ConnectToIBoFOS : [dial tcp 127.0.0.1:18716: connect: connection refused][ibofHandler.go:18 ConnectToIBoFOS()] 
2021-08-22T12:09:08+09:00 [ERRO] iBoF Connection Error[messageHandler.go:60 SendIbofos()] 
2021-08-22T12:09:08+09:00 [ERRO] iBoF Connection Error[volume.go:40 GetVolume()] 
2021-08-22T13:14:47+09:00 [DEBU] [LISTDEVICE][{Name: Spare: Array: DevType: NumBlocks:0 BlockSize:0}][messageHandler.go:51 SendIbofos()] 
2021-08-22T13:14:47+09:00 [DEBU] sendIBoF : {Command:LISTDEVICE Rid:6e003edd-7bed-40c3-9fa9-9a7efab10891 Param:{Name: Spare: Array: DevType: NumBlocks:0 BlockSize:0}}[messageHandler.go:136 sendIBoF()] 
2021-08-22T13:14:47+09:00 [INFO] WriteToIBoFSocket : Write Success
[ibofHandler.go:69 WriteToIBoFSocket()] 
2021-08-22T13:14:47+09:00 [INFO] readFromIBoFSocket Start[ibofHandler.go:39 ReadFromIBoFSocket()] 
2021-08-22T13:14:47+09:00 [INFO] readFromIBoFSocket : Message Receive Success[ibofHandler.go:50 ReadFromIBoFSocket()] 
2021-08-22T13:14:47+09:00 [INFO] Response From iBoF : {"command":"LISTDEVICE","rid":"6e003edd-7bed-40c3-9fa9-9a7efab10891","result":{"status":{"code":0,"description":"list of existing devices"},"data":{"devicelist":[{"name":"unvme-ns-0","size":5368709120,"mn":"ORCL-VBOX-NVME-VER12                    ","sn":"VB1234-56789        ","type":"SSD","addr":"0000:00:0e.0","class":"ARRAY","numa":"0"},{"name":"unvme-ns-1","size":5368709120,"mn":"ORCL-VBOX-NVME-VER12                    ","sn":"VB1234-56789        ","type":"SSD","addr":"0000:00:0e.0","class":"ARRAY","numa":"0"},{"name":"unvme-ns-2","size":5368709120,"mn":"ORCL-VBOX-NVME-VER12                    ","sn":"VB1234-56789        ","type":"SSD","addr":"0000:00:0e.0","class":"ARRAY","numa":"0"},{"name":"unvme-ns-3","size":5368709120,"mn":"ORCL-VBOX-NVME-VER12                    ","sn":"VB1234-56789        ","type":"SSD","addr":"0000:00:0e.0","class":"ARRAY","numa":"0"},{"name":"unvme-ns-4","size":5368709120,"mn":"ORCL-VBOX-NVME-VER12                    ","sn":"VB1234-56789        ","type":"SSD","addr":"0000:00:0e.0","class":"ARRAY","numa":"0"},{"name":"uram0","size":2147483648,"mn":"uram0","sn":"uram0","type":"NVRAM","addr":"","class":"ARRAY","numa":"UNKNOWN"}]}},"info":{"version":"pos-0.9.2"}}[messageHandler.go:151 sendIBoF()] 
2021-08-22T13:14:47+09:00 [INFO] Connection Cloase : 127.0.0.1:53748[ibofHandler.go:28 DisconnectToIBoFOS()] 
2021-08-22T13:14:47+09:00 [DEBU] {Command:LISTDEVICE Rid:6e003edd-7bed-40c3-9fa9-9a7efab10891 Param:{Name: Spare: Array: DevType: NumBlocks:0 BlockSize:0}}[messageHandler.go:75 SendIbofos()] 
2021-08-22T13:14:47+09:00 [DEBU] {Rid:6e003edd-7bed-40c3-9fa9-9a7efab10891 LastSuccessTime:1629605687 Result:{Status:{Module: Code:0 Level: Description:list of existing devices Problem: Solution:} Data:map[devicelist:[map[addr:0000:00:0e.0 class:ARRAY mn:ORCL-VBOX-NVME-VER12                     name:unvme-ns-0 numa:0 size:5368709120 sn:VB1234-56789         type:SSD] map[addr:0000:00:0e.0 class:ARRAY mn:ORCL-VBOX-NVME-VER12                     name:unvme-ns-1 numa:0 size:5368709120 sn:VB1234-56789         type:SSD] map[addr:0000:00:0e.0 class:ARRAY mn:ORCL-VBOX-NVME-VER12                     name:unvme-ns-2 numa:0 size:5368709120 sn:VB1234-56789         type:SSD] map[addr:0000:00:0e.0 class:ARRAY mn:ORCL-VBOX-NVME-VER12                     name:unvme-ns-3 numa:0 size:5368709120 sn:VB1234-56789         type:SSD] map[addr:0000:00:0e.0 class:ARRAY mn:ORCL-VBOX-NVME-VER12                     name:unvme-ns-4 numa:0 size:5368709120 sn:VB1234-56789         type:SSD] map[addr: class:ARRAY mn:uram0 name:uram0 numa:UNKNOWN size:2147483648 sn:uram0 type:NVRAM]]]} Info:map[version:pos-0.9.2]}[messageHandler.go:76 SendIbofos()] 
2021-08-22T13:14:51+09:00 [DEBU] [SMART][{Name:unvme-ns-0 Spare: Array: DevType: NumBlocks:0 BlockSize:0}][messageHandler.go:51 SendIbofos()] 
2021-08-22T13:14:51+09:00 [DEBU] sendIBoF : {Command:SMART Rid:486be11d-bab1-4d4f-ae57-7349d42e71a7 Param:{Name:unvme-ns-0 Spare: Array: DevType: NumBlocks:0 BlockSize:0}}[messageHandler.go:136 sendIBoF()] 
2021-08-22T13:14:51+09:00 [INFO] WriteToIBoFSocket : Write Success
[ibofHandler.go:69 WriteToIBoFSocket()] 
2021-08-22T13:14:51+09:00 [INFO] readFromIBoFSocket Start[ibofHandler.go:39 ReadFromIBoFSocket()] 
2021-08-22T13:14:51+09:00 [INFO] readFromIBoFSocket : Message Receive Success[ibofHandler.go:50 ReadFromIBoFSocket()] 
2021-08-22T13:14:51+09:00 [INFO] Response From iBoF : {"command":"NVMEADMINCOMMAND","rid":"486be11d-bab1-4d4f-ae57-7349d42e71a7","result":{"status":{"code":0,"description":"DONE"},"data":{"availableSpareSpace":"OK","temperature":"OK","deviceReliability":"OK","readOnly":"No","volatileMemoryBackup":"OK","currentTemperature":"-273C","availableSpare":"0%","availableSpareThreshold":"0%","lifePercentageUsed":"0%","dataUnitsRead":"0","dataUnitsWritten":"0","hostReadCommands":"0","hostWriteCommands":"0","contollerBusyTime":"0m","powerCycles":"0","powerOnHours":"0h","unsafeShutdowns":"0","unrecoverableMediaErrors":"0","lifetimeErrorLogEntries":"0","warningTemperatureTime":"0m","criticalTemperatureTime":"0m"}},"info":{"version":"pos-0.9.2"}}[messageHandler.go:151 sendIBoF()] 
2021-08-22T13:14:51+09:00 [INFO] Connection Cloase : 127.0.0.1:53752[ibofHandler.go:28 DisconnectToIBoFOS()] 
2021-08-22T13:14:51+09:00 [DEBU] {Command:SMART Rid:486be11d-bab1-4d4f-ae57-7349d42e71a7 Param:{Name:unvme-ns-0 Spare: Array: DevType: NumBlocks:0 BlockSize:0}}[messageHandler.go:75 SendIbofos()] 
2021-08-22T13:14:51+09:00 [DEBU] {Rid:486be11d-bab1-4d4f-ae57-7349d42e71a7 LastSuccessTime:1629605691 Result:{Status:{Module: Code:0 Level: Description:DONE Problem: Solution:} Data:map[availableSpare:0% availableSpareSpace:OK availableSpareThreshold:0% contollerBusyTime:0m criticalTemperatureTime:0m currentTemperature:-273C dataUnitsRead:0 dataUnitsWritten:0 deviceReliability:OK hostReadCommands:0 hostWriteCommands:0 lifePercentageUsed:0% lifetimeErrorLogEntries:0 powerCycles:0 powerOnHours:0h readOnly:No temperature:OK unrecoverableMediaErrors:0 unsafeShutdowns:0 volatileMemoryBackup:OK warningTemperatureTime:0m]} Info:map[version:pos-0.9.2]}[messageHandler.go:76 SendIbofos()] 
2021-08-22T13:14:54+09:00 [DEBU] [LISTVOLUME][{Name: NewName: Array: SubNQN: Size:0 Maxiops:0 Maxbw:0 NameSuffix:0 TotalCount:0 StopOnError:false MountAll:false}][messageHandler.go:51 SendIbofos()] 
2021-08-22T13:14:54+09:00 [DEBU] sendIBoF : {Command:LISTVOLUME Rid:111105a8-cdfc-4807-858f-9a7d04a6a526 Param:{Name: NewName: Array: SubNQN: Size:0 Maxiops:0 Maxbw:0 NameSuffix:0 TotalCount:0 StopOnError:false MountAll:false}}[messageHandler.go:136 sendIBoF()] 
2021-08-22T13:14:54+09:00 [INFO] WriteToIBoFSocket : Write Success
[ibofHandler.go:69 WriteToIBoFSocket()] 
2021-08-22T13:14:54+09:00 [INFO] readFromIBoFSocket Start[ibofHandler.go:39 ReadFromIBoFSocket()] 
2021-08-22T13:14:54+09:00 [INFO] readFromIBoFSocket : Message Receive Success[ibofHandler.go:50 ReadFromIBoFSocket()] 
2021-08-22T13:14:54+09:00 [INFO] Response From iBoF : {"command":"LISTVOLUME","rid":"111105a8-cdfc-4807-858f-9a7d04a6a526","result":{"status":{"code":0,"description":"no any volume exist in POSArray"}},"info":{"version":"pos-0.9.2"}}[messageHandler.go:151 sendIBoF()] 
2021-08-22T13:14:54+09:00 [INFO] Connection Cloase : 127.0.0.1:53756[ibofHandler.go:28 DisconnectToIBoFOS()] 
2021-08-22T13:14:54+09:00 [DEBU] {Command:LISTVOLUME Rid:111105a8-cdfc-4807-858f-9a7d04a6a526 Param:{Name: NewName: Array: SubNQN: Size:0 Maxiops:0 Maxbw:0 NameSuffix:0 TotalCount:0 StopOnError:false MountAll:false}}[messageHandler.go:75 SendIbofos()] 
2021-08-22T13:14:54+09:00 [DEBU] {Rid:111105a8-cdfc-4807-858f-9a7d04a6a526 LastSuccessTime:1629605694 Result:{Status:{Module: Code:0 Level: Description:no any volume exist in POSArray Problem: Solution:} Data:<nil>} Info:map[version:pos-0.9.2]}[messageHandler.go:76 SendIbofos()] 
2021-08-22T13:14:57+09:00 [DEBU] [LISTVOLUME][{Name: NewName: Array:POSArray SubNQN: Size:0 Maxiops:0 Maxbw:0 NameSuffix:0 TotalCount:0 StopOnError:false MountAll:false}][messageHandler.go:51 SendIbofos()] 
2021-08-22T13:14:57+09:00 [DEBU] sendIBoF : {Command:LISTVOLUME Rid:13c6117a-25b8-4ab7-aed1-0744317b7732 Param:{Name: NewName: Array:POSArray SubNQN: Size:0 Maxiops:0 Maxbw:0 NameSuffix:0 TotalCount:0 StopOnError:false MountAll:false}}[messageHandler.go:136 sendIBoF()] 
2021-08-22T13:14:57+09:00 [INFO] WriteToIBoFSocket : Write Success
[ibofHandler.go:69 WriteToIBoFSocket()] 
2021-08-22T13:14:57+09:00 [INFO] readFromIBoFSocket Start[ibofHandler.go:39 ReadFromIBoFSocket()] 
2021-08-22T13:14:57+09:00 [INFO] readFromIBoFSocket : Message Receive Success[ibofHandler.go:50 ReadFromIBoFSocket()] 
2021-08-22T13:14:57+09:00 [INFO] Response From iBoF : {"command":"LISTVOLUME","rid":"13c6117a-25b8-4ab7-aed1-0744317b7732","result":{"status":{"code":0,"description":"no any volume exist in POSArray"}},"info":{"version":"pos-0.9.2"}}[messageHandler.go:151 sendIBoF()] 
2021-08-22T13:14:57+09:00 [INFO] Connection Cloase : 127.0.0.1:53760[ibofHandler.go:28 DisconnectToIBoFOS()] 
2021-08-22T13:14:57+09:00 [DEBU] {Command:LISTVOLUME Rid:13c6117a-25b8-4ab7-aed1-0744317b7732 Param:{Name: NewName: Array:POSArray SubNQN: Size:0 Maxiops:0 Maxbw:0 NameSuffix:0 TotalCount:0 StopOnError:false MountAll:false}}[messageHandler.go:75 SendIbofos()] 
2021-08-22T13:14:57+09:00 [DEBU] {Rid:13c6117a-25b8-4ab7-aed1-0744317b7732 LastSuccessTime:1629605697 Result:{Status:{Module: Code:0 Level: Description:no any volume exist in POSArray Problem: Solution:} Data:<nil>} Info:map[version:pos-0.9.2]}[messageHandler.go:76 SendIbofos()] 
2021-08-22T13:15:00+09:00 [DEBU] [LISTVOLUME][{Name: NewName: Array:POSArray SubNQN: Size:0 Maxiops:0 Maxbw:0 NameSuffix:0 TotalCount:0 StopOnError:false MountAll:false}][messageHandler.go:51 SendIbofos()] 
2021-08-22T13:15:00+09:00 [DEBU] sendIBoF : {Command:LISTVOLUME Rid:99d1f412-dfa5-43ef-bec9-2e7f4c082a57 Param:{Name: NewName: Array:POSArray SubNQN: Size:0 Maxiops:0 Maxbw:0 NameSuffix:0 TotalCount:0 StopOnError:false MountAll:false}}[messageHandler.go:136 sendIBoF()] 
2021-08-22T13:15:00+09:00 [INFO] WriteToIBoFSocket : Write Success
[ibofHandler.go:69 WriteToIBoFSocket()] 
2021-08-22T13:15:00+09:00 [INFO] readFromIBoFSocket Start[ibofHandler.go:39 ReadFromIBoFSocket()] 
2021-08-22T13:15:00+09:00 [INFO] readFromIBoFSocket : Message Receive Success[ibofHandler.go:50 ReadFromIBoFSocket()] 
2021-08-22T13:15:00+09:00 [INFO] Response From iBoF : {"command":"LISTVOLUME","rid":"99d1f412-dfa5-43ef-bec9-2e7f4c082a57","result":{"status":{"code":0,"description":"no any volume exist in POSArray"}},"info":{"version":"pos-0.9.2"}}[messageHandler.go:151 sendIBoF()] 
2021-08-22T13:15:00+09:00 [INFO] Connection Cloase : 127.0.0.1:53764[ibofHandler.go:28 DisconnectToIBoFOS()] 
2021-08-22T13:15:00+09:00 [DEBU] {Command:LISTVOLUME Rid:99d1f412-dfa5-43ef-bec9-2e7f4c082a57 Param:{Name: NewName: Array:POSArray SubNQN: Size:0 Maxiops:0 Maxbw:0 NameSuffix:0 TotalCount:0 StopOnError:false MountAll:false}}[messageHandler.go:75 SendIbofos()] 
2021-08-22T13:15:00+09:00 [DEBU] {Rid:99d1f412-dfa5-43ef-bec9-2e7f4c082a57 LastSuccessTime:1629605700 Result:{Status:{Module: Code:0 Level: Description:no any volume exist in POSArray Problem: Solution:} Data:<nil>} Info:map[version:pos-0.9.2]}[messageHandler.go:76 SendIbofos()] 
2021-08-22T13:15:04+09:00 [DEBU] sendIBoF : {Command:GETIBOFOSINFO Rid:d6d2695c-efcf-47bb-a343-bada7ddc214d Param:{Level:}}[messageHandler.go:136 sendIBoF()] 
2021-08-22T13:15:04+09:00 [INFO] WriteToIBoFSocket : Write Success
[ibofHandler.go:69 WriteToIBoFSocket()] 
2021-08-22T13:15:04+09:00 [INFO] readFromIBoFSocket Start[ibofHandler.go:39 ReadFromIBoFSocket()] 
2021-08-22T13:15:04+09:00 [INFO] readFromIBoFSocket : Message Receive Success[ibofHandler.go:50 ReadFromIBoFSocket()] 
2021-08-22T13:15:04+09:00 [INFO] Response From iBoF : {"command":"GETIBOFOSINFO","rid":"d6d2695c-efcf-47bb-a343-bada7ddc214d","result":{"status":{"code":0,"description":"DONE"},"data":{"version":"pos-0.9.2"}},"info":{"version":"pos-0.9.2"}}[messageHandler.go:151 sendIBoF()] 
2021-08-22T13:15:04+09:00 [INFO] Connection Cloase : 127.0.0.1:53770[ibofHandler.go:28 DisconnectToIBoFOS()] 
2021-08-22T13:15:04+09:00 [DEBU] {GETIBOFOSINFO d6d2695c-efcf-47bb-a343-bada7ddc214d {}}[system.go:32 GetSystem()] 
2021-08-22T13:15:04+09:00 [DEBU] {d6d2695c-efcf-47bb-a343-bada7ddc214d 1629605704 {{ 0  DONE  } map[version:pos-0.9.2]} map[version:pos-0.9.2]}[system.go:33 GetSystem()] 
2021-08-22T13:15:10+09:00 [DEBU] sendIBoF : {Command:ARRAYINFO Rid:19c60e84-9b9e-4176-8037-f7f6eabb4435 Param:{FtType:0 Name:POSArray RaidType: Buffer:[] Data:[] Spare:[] Array:}}[messageHandler.go:136 sendIBoF()] 
2021-08-22T13:15:10+09:00 [INFO] WriteToIBoFSocket : Write Success
[ibofHandler.go:69 WriteToIBoFSocket()] 
2021-08-22T13:15:10+09:00 [INFO] readFromIBoFSocket Start[ibofHandler.go:39 ReadFromIBoFSocket()] 
2021-08-22T13:15:10+09:00 [INFO] readFromIBoFSocket : Message Receive Success[ibofHandler.go:50 ReadFromIBoFSocket()] 
2021-08-22T13:15:10+09:00 [INFO] Response From iBoF : {"command":"ARRAYINFO","rid":"19c60e84-9b9e-4176-8037-f7f6eabb4435","result":{"status":{"code":0,"description":"POSArray information"},"data":{"name":"POSArray","state":"OFFLINE","situation":"DEFAULT","createDatetime":"2021-08-22 13:06:10 +0900","updateDatetime":"2021-08-22 13:06:10 +0900","rebuildingProgress":"0","capacity":0,"used":0,"devicelist":[{"type":"BUFFER","name":"uram0"},{"type":"DATA","name":"unvme-ns-0"},{"type":"DATA","name":"unvme-ns-1"},{"type":"DATA","name":"unvme-ns-2"},{"type":"DATA","name":"unvme-ns-3"},{"type":"DATA","name":"unvme-ns-4"}]}},"info":{"version":"pos-0.9.2"}}[messageHandler.go:151 sendIBoF()] 
2021-08-22T13:15:10+09:00 [INFO] Connection Cloase : 127.0.0.1:53774[ibofHandler.go:28 DisconnectToIBoFOS()] 
2021-08-22T13:15:10+09:00 [DEBU] {ARRAYINFO 19c60e84-9b9e-4176-8037-f7f6eabb4435 {0 POSArray  [] [] [] }}[array.go:34 GetArray()] 
2021-08-22T13:15:10+09:00 [DEBU] {19c60e84-9b9e-4176-8037-f7f6eabb4435 1629605710 {{ 0  POSArray information  } map[capacity:0 createDatetime:2021-08-22 13:06:10 +0900 devicelist:[map[name:uram0 type:BUFFER] map[name:unvme-ns-0 type:DATA] map[name:unvme-ns-1 type:DATA] map[name:unvme-ns-2 type:DATA] map[name:unvme-ns-3 type:DATA] map[name:unvme-ns-4 type:DATA]] name:POSArray rebuildingProgress:0 situation:DEFAULT state:OFFLINE updateDatetime:2021-08-22 13:06:10 +0900 used:0]} map[version:pos-0.9.2]}[array.go:35 GetArray()] 
2021-08-22T13:15:16+09:00 [DEBU] [LISTVOLUME][{Name: NewName: Array: SubNQN: Size:0 Maxiops:0 Maxbw:0 NameSuffix:0 TotalCount:0 StopOnError:false MountAll:false}][messageHandler.go:51 SendIbofos()] 
2021-08-22T13:15:16+09:00 [DEBU] sendIBoF : {Command:LISTVOLUME Rid:569fe276-0081-415a-9a9c-b57f40d0a6b7 Param:{Name: NewName: Array: SubNQN: Size:0 Maxiops:0 Maxbw:0 NameSuffix:0 TotalCount:0 StopOnError:false MountAll:false}}[messageHandler.go:136 sendIBoF()] 
2021-08-22T13:15:16+09:00 [INFO] WriteToIBoFSocket : Write Success
[ibofHandler.go:69 WriteToIBoFSocket()] 
2021-08-22T13:15:16+09:00 [INFO] readFromIBoFSocket Start[ibofHandler.go:39 ReadFromIBoFSocket()] 
2021-08-22T13:15:16+09:00 [INFO] readFromIBoFSocket : Message Receive Success[ibofHandler.go:50 ReadFromIBoFSocket()] 
2021-08-22T13:15:16+09:00 [INFO] Response From iBoF : {"command":"LISTVOLUME","rid":"569fe276-0081-415a-9a9c-b57f40d0a6b7","result":{"status":{"code":0,"description":"no any volume exist in POSArray"}},"info":{"version":"pos-0.9.2"}}[messageHandler.go:151 sendIBoF()] 
2021-08-22T13:15:16+09:00 [INFO] Connection Cloase : 127.0.0.1:53780[ibofHandler.go:28 DisconnectToIBoFOS()] 
2021-08-22T13:15:16+09:00 [DEBU] {Command:LISTVOLUME Rid:569fe276-0081-415a-9a9c-b57f40d0a6b7 Param:{Name: NewName: Array: SubNQN: Size:0 Maxiops:0 Maxbw:0 NameSuffix:0 TotalCount:0 StopOnError:false MountAll:false}}[messageHandler.go:75 SendIbofos()] 
2021-08-22T13:15:16+09:00 [DEBU] {Rid:569fe276-0081-415a-9a9c-b57f40d0a6b7 LastSuccessTime:1629605716 Result:{Status:{Module: Code:0 Level: Description:no any volume exist in POSArray Problem: Solution:} Data:<nil>} Info:map[version:pos-0.9.2]}[messageHandler.go:76 SendIbofos()] 
2021-08-22T13:15:23+09:00 [DEBU] [CREATEVOLUME][{Name:vol2 NewName: Array:POSArray SubNQN: Size:1073741824 Maxiops:0 Maxbw:0 NameSuffix:0 TotalCount:0 StopOnError:false MountAll:false}][messageHandler.go:51 SendIbofos()] 
2021-08-22T13:15:23+09:00 [DEBU] sendIBoF : {Command:CREATEVOLUME Rid:d789bcca-d828-4021-9afe-bb1f147993ce Param:{Name:vol2 NewName: Array:POSArray SubNQN: Size:1073741824 Maxiops:0 Maxbw:0 NameSuffix:0 TotalCount:0 StopOnError:false MountAll:false}}[messageHandler.go:136 sendIBoF()] 
2021-08-22T13:15:23+09:00 [INFO] WriteToIBoFSocket : Write Success
[ibofHandler.go:69 WriteToIBoFSocket()] 
2021-08-22T13:15:23+09:00 [INFO] readFromIBoFSocket Start[ibofHandler.go:39 ReadFromIBoFSocket()] 
2021-08-22T13:15:23+09:00 [INFO] readFromIBoFSocket : Message Receive Success[ibofHandler.go:50 ReadFromIBoFSocket()] 
2021-08-22T13:15:23+09:00 [INFO] Response From iBoF : {"command":"CREATEVOLUME","rid":"d789bcca-d828-4021-9afe-bb1f147993ce","result":{"status":{"code":-1,"description":"failed to create vol2(code:-1)"}},"info":{"version":"pos-0.9.2"}}[messageHandler.go:151 sendIBoF()] 
2021-08-22T13:15:23+09:00 [INFO] Connection Cloase : 127.0.0.1:53786[ibofHandler.go:28 DisconnectToIBoFOS()] 
2021-08-22T13:15:23+09:00 [ERRO] there is no event info[messageHandler.go:67 SendIbofos()] 
2021-08-22T13:15:23+09:00 [ERRO] there is no event info[volume.go:70 CreateVolume()] 
2021-08-22T14:03:56+09:00 [DEBU] [GETMAXVOLUMECOUNT][{Name: NewName: Array: SubNQN: Size:0 Maxiops:0 Maxbw:0 NameSuffix:0 TotalCount:0 StopOnError:false MountAll:false}][messageHandler.go:51 SendIbofos()] 
2021-08-22T14:03:56+09:00 [DEBU] sendIBoF : {Command:GETMAXVOLUMECOUNT Rid:012d6f00-76c7-45ff-83c5-15ed00e7a4f4 Param:{Name: NewName: Array: SubNQN: Size:0 Maxiops:0 Maxbw:0 NameSuffix:0 TotalCount:0 StopOnError:false MountAll:false}}[messageHandler.go:136 sendIBoF()] 
2021-08-22T14:03:56+09:00 [INFO] WriteToIBoFSocket : Write Success
[ibofHandler.go:69 WriteToIBoFSocket()] 
2021-08-22T14:03:56+09:00 [INFO] readFromIBoFSocket Start[ibofHandler.go:39 ReadFromIBoFSocket()] 
2021-08-22T14:03:59+09:00 [DEBU] [CREATEVOLUME][{Name:vol2 NewName: Array:POSArray SubNQN: Size:1073741824 Maxiops:0 Maxbw:0 NameSuffix:0 TotalCount:0 StopOnError:false MountAll:false}][messageHandler.go:51 SendIbofos()] 
2021-08-22T14:03:59+09:00 [DEBU] sendIBoF : {Command:CREATEVOLUME Rid:487e9746-8ff8-44bd-9511-bd69a88ad42c Param:{Name:vol2 NewName: Array:POSArray SubNQN: Size:1073741824 Maxiops:0 Maxbw:0 NameSuffix:0 TotalCount:0 StopOnError:false MountAll:false}}[messageHandler.go:136 sendIBoF()] 
2021-08-22T14:03:59+09:00 [INFO] WriteToIBoFSocket : Write Success
[ibofHandler.go:69 WriteToIBoFSocket()] 
2021-08-22T14:03:59+09:00 [INFO] readFromIBoFSocket Start[ibofHandler.go:39 ReadFromIBoFSocket()] 
2021-08-22T14:04:03+09:00 [DEBU] [LISTVOLUME][{Name: NewName: Array:POSArray SubNQN: Size:0 Maxiops:0 Maxbw:0 NameSuffix:0 TotalCount:0 StopOnError:false MountAll:false}][messageHandler.go:51 SendIbofos()] 
2021-08-22T14:04:03+09:00 [DEBU] sendIBoF : {Command:LISTVOLUME Rid:9ac3f555-cbaa-444b-9f01-c291f286516b Param:{Name: NewName: Array:POSArray SubNQN: Size:0 Maxiops:0 Maxbw:0 NameSuffix:0 TotalCount:0 StopOnError:false MountAll:false}}[messageHandler.go:136 sendIBoF()] 
2021-08-22T14:04:03+09:00 [INFO] WriteToIBoFSocket : Write Success
[ibofHandler.go:69 WriteToIBoFSocket()] 
2021-08-22T14:04:03+09:00 [INFO] readFromIBoFSocket Start[ibofHandler.go:39 ReadFromIBoFSocket()] 
2021-08-22T14:04:04+09:00 [INFO] readFromIBoFSocket : Message Receive Fail :read tcp 127.0.0.1:54080->127.0.0.1:18716: read: connection reset by peer[ibofHandler.go:48 ReadFromIBoFSocket()] 
2021-08-22T14:04:04+09:00 [INFO] Response From iBoF : [messageHandler.go:151 sendIBoF()] 
2021-08-22T14:04:04+09:00 [FATA] EOF[messageHandler.go:160 sendIBoF()] 
2021-08-22T14:29:54+09:00 [DEBU] [GETMAXVOLUMECOUNT][{Name: NewName: Array: SubNQN: Size:0 Maxiops:0 Maxbw:0 NameSuffix:0 TotalCount:0 StopOnError:false MountAll:false}][messageHandler.go:51 SendIbofos()] 
2021-08-22T14:29:54+09:00 [DEBU] sendIBoF : {Command:GETMAXVOLUMECOUNT Rid:237fe211-38cc-4027-aab8-4bc51e02d16e Param:{Name: NewName: Array: SubNQN: Size:0 Maxiops:0 Maxbw:0 NameSuffix:0 TotalCount:0 StopOnError:false MountAll:false}}[messageHandler.go:136 sendIBoF()] 
2021-08-22T14:29:54+09:00 [INFO] WriteToIBoFSocket : Write Success
[ibofHandler.go:69 WriteToIBoFSocket()] 
2021-08-22T14:29:54+09:00 [INFO] readFromIBoFSocket Start[ibofHandler.go:39 ReadFromIBoFSocket()] 
2021-08-22T14:29:54+09:00 [INFO] readFromIBoFSocket : Message Receive Success[ibofHandler.go:50 ReadFromIBoFSocket()] 
2021-08-22T14:29:54+09:00 [INFO] Response From iBoF : {"command":"GETMAXVOLUMECOUNT","rid":"237fe211-38cc-4027-aab8-4bc51e02d16e","result":{"status":{"code":0,"description":"DONE"},"data":{"current array count":"1","max volume count per Array":"256","total max volume count":"256"}},"info":{"version":"pos-0.9.2"}}[messageHandler.go:151 sendIBoF()] 
2021-08-22T14:29:54+09:00 [INFO] Connection Cloase : 127.0.0.1:54290[ibofHandler.go:28 DisconnectToIBoFOS()] 
2021-08-22T14:29:54+09:00 [DEBU] {Command:GETMAXVOLUMECOUNT Rid:237fe211-38cc-4027-aab8-4bc51e02d16e Param:{Name: NewName: Array: SubNQN: Size:0 Maxiops:0 Maxbw:0 NameSuffix:0 TotalCount:0 StopOnError:false MountAll:false}}[messageHandler.go:75 SendIbofos()] 
2021-08-22T14:29:54+09:00 [DEBU] {Rid:237fe211-38cc-4027-aab8-4bc51e02d16e LastSuccessTime:1629610194 Result:{Status:{Module: Code:0 Level: Description:DONE Problem: Solution:} Data:map[current array count:1 max volume count per Array:256 total max volume count:256]} Info:map[version:pos-0.9.2]}[messageHandler.go:76 SendIbofos()] 
2021-08-22T14:29:56+09:00 [DEBU] [LISTVOLUME][{Name: NewName: Array:POSArray SubNQN: Size:0 Maxiops:0 Maxbw:0 NameSuffix:0 TotalCount:0 StopOnError:false MountAll:false}][messageHandler.go:51 SendIbofos()] 
2021-08-22T14:29:56+09:00 [DEBU] sendIBoF : {Command:LISTVOLUME Rid:6e0ca6cf-d697-4900-9e63-8d9d3c6e11a2 Param:{Name: NewName: Array:POSArray SubNQN: Size:0 Maxiops:0 Maxbw:0 NameSuffix:0 TotalCount:0 StopOnError:false MountAll:false}}[messageHandler.go:136 sendIBoF()] 
2021-08-22T14:29:56+09:00 [INFO] WriteToIBoFSocket : Write Success
[ibofHandler.go:69 WriteToIBoFSocket()] 
2021-08-22T14:29:56+09:00 [INFO] readFromIBoFSocket Start[ibofHandler.go:39 ReadFromIBoFSocket()] 
2021-08-22T14:29:56+09:00 [INFO] readFromIBoFSocket : Message Receive Success[ibofHandler.go:50 ReadFromIBoFSocket()] 
2021-08-22T14:29:56+09:00 [INFO] Response From iBoF : {"command":"LISTVOLUME","rid":"6e0ca6cf-d697-4900-9e63-8d9d3c6e11a2","result":{"status":{"code":0,"description":"list of volumes in POSArray"},"data":{"volumes":[{"name":"vol1","id":0,"total":1073741824,"remain":1073741824,"status":"Mounted","maxiops":0,"maxbw":0}]}},"info":{"version":"pos-0.9.2"}}[messageHandler.go:151 sendIBoF()] 
2021-08-22T14:29:56+09:00 [INFO] Connection Cloase : 127.0.0.1:54294[ibofHandler.go:28 DisconnectToIBoFOS()] 
2021-08-22T14:29:56+09:00 [DEBU] {Command:LISTVOLUME Rid:6e0ca6cf-d697-4900-9e63-8d9d3c6e11a2 Param:{Name: NewName: Array:POSArray SubNQN: Size:0 Maxiops:0 Maxbw:0 NameSuffix:0 TotalCount:0 StopOnError:false MountAll:false}}[messageHandler.go:75 SendIbofos()] 
2021-08-22T14:29:56+09:00 [DEBU] {Rid:6e0ca6cf-d697-4900-9e63-8d9d3c6e11a2 LastSuccessTime:1629610196 Result:{Status:{Module: Code:0 Level: Description:list of volumes in POSArray Problem: Solution:} Data:map[volumes:[map[id:0 maxbw:0 maxiops:0 name:vol1 remain:1073741824 status:Mounted total:1073741824]]]} Info:map[version:pos-0.9.2]}[messageHandler.go:76 SendIbofos()] 
2021-08-22T14:29:58+09:00 [DEBU] [CREATEVOLUME][{Name:vol2 NewName: Array:POSArray SubNQN: Size:1073741824 Maxiops:0 Maxbw:0 NameSuffix:0 TotalCount:0 StopOnError:false MountAll:false}][messageHandler.go:51 SendIbofos()] 
2021-08-22T14:29:58+09:00 [DEBU] sendIBoF : {Command:CREATEVOLUME Rid:44b96289-655d-4513-8697-01acc8742050 Param:{Name:vol2 NewName: Array:POSArray SubNQN: Size:1073741824 Maxiops:0 Maxbw:0 NameSuffix:0 TotalCount:0 StopOnError:false MountAll:false}}[messageHandler.go:136 sendIBoF()] 
2021-08-22T14:29:58+09:00 [INFO] WriteToIBoFSocket : Write Success
[ibofHandler.go:69 WriteToIBoFSocket()] 
2021-08-22T14:29:58+09:00 [INFO] readFromIBoFSocket Start[ibofHandler.go:39 ReadFromIBoFSocket()] 
2021-08-22T14:30:26+09:00 [INFO] readFromIBoFSocket : Message Receive Success[ibofHandler.go:50 ReadFromIBoFSocket()] 
2021-08-22T14:30:26+09:00 [INFO] Response From iBoF : [messageHandler.go:151 sendIBoF()] 
2021-08-22T14:30:26+09:00 [FATA] EOF[messageHandler.go:160 sendIBoF()] 
2021-08-22T14:33:54+09:00 [DEBU] [GETMAXVOLUMECOUNT][{Name: NewName: Array: SubNQN: Size:0 Maxiops:0 Maxbw:0 NameSuffix:0 TotalCount:0 StopOnError:false MountAll:false}][messageHandler.go:51 SendIbofos()] 
2021-08-22T14:33:54+09:00 [DEBU] sendIBoF : {Command:GETMAXVOLUMECOUNT Rid:8872b748-a8ee-4056-aefd-6bf1748a8124 Param:{Name: NewName: Array: SubNQN: Size:0 Maxiops:0 Maxbw:0 NameSuffix:0 TotalCount:0 StopOnError:false MountAll:false}}[messageHandler.go:136 sendIBoF()] 
2021-08-22T14:33:54+09:00 [INFO] WriteToIBoFSocket : Write Success
[ibofHandler.go:69 WriteToIBoFSocket()] 
2021-08-22T14:33:54+09:00 [INFO] readFromIBoFSocket Start[ibofHandler.go:39 ReadFromIBoFSocket()] 
2021-08-22T14:33:54+09:00 [INFO] readFromIBoFSocket : Message Receive Success[ibofHandler.go:50 ReadFromIBoFSocket()] 
2021-08-22T14:33:54+09:00 [INFO] Response From iBoF : {"command":"GETMAXVOLUMECOUNT","rid":"8872b748-a8ee-4056-aefd-6bf1748a8124","result":{"status":{"code":0,"description":"DONE"},"data":{"current array count":"1","max volume count per Array":"256","total max volume count":"256"}},"info":{"version":"pos-0.9.2"}}[messageHandler.go:151 sendIBoF()] 
2021-08-22T14:33:54+09:00 [INFO] Connection Cloase : 127.0.0.1:54352[ibofHandler.go:28 DisconnectToIBoFOS()] 
2021-08-22T14:33:54+09:00 [DEBU] {Command:GETMAXVOLUMECOUNT Rid:8872b748-a8ee-4056-aefd-6bf1748a8124 Param:{Name: NewName: Array: SubNQN: Size:0 Maxiops:0 Maxbw:0 NameSuffix:0 TotalCount:0 StopOnError:false MountAll:false}}[messageHandler.go:75 SendIbofos()] 
2021-08-22T14:33:54+09:00 [DEBU] {Rid:8872b748-a8ee-4056-aefd-6bf1748a8124 LastSuccessTime:1629610434 Result:{Status:{Module: Code:0 Level: Description:DONE Problem: Solution:} Data:map[current array count:1 max volume count per Array:256 total max volume count:256]} Info:map[version:pos-0.9.2]}[messageHandler.go:76 SendIbofos()] 
2021-08-22T14:33:57+09:00 [DEBU] [LISTVOLUME][{Name: NewName: Array:POSArray SubNQN: Size:0 Maxiops:0 Maxbw:0 NameSuffix:0 TotalCount:0 StopOnError:false MountAll:false}][messageHandler.go:51 SendIbofos()] 
2021-08-22T14:33:57+09:00 [DEBU] sendIBoF : {Command:LISTVOLUME Rid:1b5e4135-a5de-4fd0-b12f-93e76d13ca27 Param:{Name: NewName: Array:POSArray SubNQN: Size:0 Maxiops:0 Maxbw:0 NameSuffix:0 TotalCount:0 StopOnError:false MountAll:false}}[messageHandler.go:136 sendIBoF()] 
2021-08-22T14:33:57+09:00 [INFO] WriteToIBoFSocket : Write Success
[ibofHandler.go:69 WriteToIBoFSocket()] 
2021-08-22T14:33:57+09:00 [INFO] readFromIBoFSocket Start[ibofHandler.go:39 ReadFromIBoFSocket()] 
2021-08-22T14:33:57+09:00 [INFO] readFromIBoFSocket : Message Receive Success[ibofHandler.go:50 ReadFromIBoFSocket()] 
2021-08-22T14:33:57+09:00 [INFO] Response From iBoF : {"command":"LISTVOLUME","rid":"1b5e4135-a5de-4fd0-b12f-93e76d13ca27","result":{"status":{"code":0,"description":"list of volumes in POSArray"},"data":{"volumes":[{"name":"vol1","id":0,"total":1073741824,"remain":1073741824,"status":"Mounted","maxiops":0,"maxbw":0}]}},"info":{"version":"pos-0.9.2"}}[messageHandler.go:151 sendIBoF()] 
2021-08-22T14:33:57+09:00 [INFO] Connection Cloase : 127.0.0.1:54356[ibofHandler.go:28 DisconnectToIBoFOS()] 
2021-08-22T14:33:57+09:00 [DEBU] {Command:LISTVOLUME Rid:1b5e4135-a5de-4fd0-b12f-93e76d13ca27 Param:{Name: NewName: Array:POSArray SubNQN: Size:0 Maxiops:0 Maxbw:0 NameSuffix:0 TotalCount:0 StopOnError:false MountAll:false}}[messageHandler.go:75 SendIbofos()] 
2021-08-22T14:33:57+09:00 [DEBU] {Rid:1b5e4135-a5de-4fd0-b12f-93e76d13ca27 LastSuccessTime:1629610437 Result:{Status:{Module: Code:0 Level: Description:list of volumes in POSArray Problem: Solution:} Data:map[volumes:[map[id:0 maxbw:0 maxiops:0 name:vol1 remain:1073741824 status:Mounted total:1073741824]]]} Info:map[version:pos-0.9.2]}[messageHandler.go:76 SendIbofos()] 
2021-08-22T14:34:02+09:00 [DEBU] [CREATEVOLUME][{Name:vol2 NewName: Array:POSArray SubNQN: Size:1073741824 Maxiops:0 Maxbw:0 NameSuffix:0 TotalCount:0 StopOnError:false MountAll:false}][messageHandler.go:51 SendIbofos()] 
2021-08-22T14:34:02+09:00 [DEBU] sendIBoF : {Command:CREATEVOLUME Rid:571e2f7e-786c-4040-ae02-5e76b18f8ab3 Param:{Name:vol2 NewName: Array:POSArray SubNQN: Size:1073741824 Maxiops:0 Maxbw:0 NameSuffix:0 TotalCount:0 StopOnError:false MountAll:false}}[messageHandler.go:136 sendIBoF()] 
2021-08-22T14:34:02+09:00 [INFO] WriteToIBoFSocket : Write Success
[ibofHandler.go:69 WriteToIBoFSocket()] 
2021-08-22T14:34:02+09:00 [INFO] readFromIBoFSocket Start[ibofHandler.go:39 ReadFromIBoFSocket()] 
2021-08-22T14:34:02+09:00 [INFO] readFromIBoFSocket : Message Receive Success[ibofHandler.go:50 ReadFromIBoFSocket()] 
2021-08-22T14:34:02+09:00 [INFO] Response From iBoF : {"command":"CREATEVOLUME","rid":"571e2f7e-786c-4040-ae02-5e76b18f8ab3","result":{"status":{"code":0,"description":"vol2is created successfully.Parameter setting skipped. Fe_qos is disabled."}},"info":{"version":"pos-0.9.2"}}[messageHandler.go:151 sendIBoF()] 
2021-08-22T14:34:02+09:00 [INFO] Connection Cloase : 127.0.0.1:54360[ibofHandler.go:28 DisconnectToIBoFOS()] 
2021-08-22T14:34:02+09:00 [DEBU] {Command:CREATEVOLUME Rid:571e2f7e-786c-4040-ae02-5e76b18f8ab3 Param:{Name:vol2 NewName: Array:POSArray SubNQN: Size:1073741824 Maxiops:0 Maxbw:0 NameSuffix:0 TotalCount:0 StopOnError:false MountAll:false}}[messageHandler.go:75 SendIbofos()] 
2021-08-22T14:34:02+09:00 [DEBU] {Rid:571e2f7e-786c-4040-ae02-5e76b18f8ab3 LastSuccessTime:1629610442 Result:{Status:{Module: Code:0 Level: Description:vol2is created successfully.Parameter setting skipped. Fe_qos is disabled. Problem: Solution:} Data:<nil>} Info:map[version:pos-0.9.2]}[messageHandler.go:76 SendIbofos()] 
2021-08-22T14:34:10+09:00 [DEBU] [LISTVOLUME][{Name: NewName: Array:POSArray SubNQN: Size:0 Maxiops:0 Maxbw:0 NameSuffix:0 TotalCount:0 StopOnError:false MountAll:false}][messageHandler.go:51 SendIbofos()] 
2021-08-22T14:34:10+09:00 [DEBU] sendIBoF : {Command:LISTVOLUME Rid:db2ac4b5-0878-449a-bc07-989a5727b415 Param:{Name: NewName: Array:POSArray SubNQN: Size:0 Maxiops:0 Maxbw:0 NameSuffix:0 TotalCount:0 StopOnError:false MountAll:false}}[messageHandler.go:136 sendIBoF()] 
2021-08-22T14:34:10+09:00 [INFO] WriteToIBoFSocket : Write Success
[ibofHandler.go:69 WriteToIBoFSocket()] 
2021-08-22T14:34:10+09:00 [INFO] readFromIBoFSocket Start[ibofHandler.go:39 ReadFromIBoFSocket()] 
2021-08-22T14:34:10+09:00 [INFO] readFromIBoFSocket : Message Receive Success[ibofHandler.go:50 ReadFromIBoFSocket()] 
2021-08-22T14:34:10+09:00 [INFO] Response From iBoF : {"command":"LISTVOLUME","rid":"db2ac4b5-0878-449a-bc07-989a5727b415","result":{"status":{"code":0,"description":"list of volumes in POSArray"},"data":{"volumes":[{"name":"vol1","id":0,"total":1073741824,"remain":1073741824,"status":"Mounted","maxiops":0,"maxbw":0},{"name":"vol2","id":1,"total":1073741824,"status":"Unmounted","maxiops":0,"maxbw":0}]}},"info":{"version":"pos-0.9.2"}}[messageHandler.go:151 sendIBoF()] 
2021-08-22T14:34:10+09:00 [INFO] Connection Cloase : 127.0.0.1:54366[ibofHandler.go:28 DisconnectToIBoFOS()] 
2021-08-22T14:34:10+09:00 [DEBU] {Command:LISTVOLUME Rid:db2ac4b5-0878-449a-bc07-989a5727b415 Param:{Name: NewName: Array:POSArray SubNQN: Size:0 Maxiops:0 Maxbw:0 NameSuffix:0 TotalCount:0 StopOnError:false MountAll:false}}[messageHandler.go:75 SendIbofos()] 
2021-08-22T14:34:10+09:00 [DEBU] {Rid:db2ac4b5-0878-449a-bc07-989a5727b415 LastSuccessTime:1629610450 Result:{Status:{Module: Code:0 Level: Description:list of volumes in POSArray Problem: Solution:} Data:map[volumes:[map[id:0 maxbw:0 maxiops:0 name:vol1 remain:1073741824 status:Mounted total:1073741824] map[id:1 maxbw:0 maxiops:0 name:vol2 status:Unmounted total:1073741824]]]} Info:map[version:pos-0.9.2]}[messageHandler.go:76 SendIbofos()] 
2021-08-22T18:53:54+09:00 [DEBU] [CREATEVOLUME][{Name:vol2 NewName: Array:POSArray SubNQN: Size:1073741824 Maxiops:0 Maxbw:0 NameSuffix:0 TotalCount:0 StopOnError:false MountAll:false}][messageHandler.go:51 SendIbofos()] 
2021-08-22T18:53:54+09:00 [DEBU] sendIBoF : {Command:CREATEVOLUME Rid:55f0d4b2-8475-4539-9e55-3d0e23529b05 Param:{Name:vol2 NewName: Array:POSArray SubNQN: Size:1073741824 Maxiops:0 Maxbw:0 NameSuffix:0 TotalCount:0 StopOnError:false MountAll:false}}[messageHandler.go:136 sendIBoF()] 
2021-08-22T18:53:54+09:00 [INFO] WriteToIBoFSocket : Write Success
[ibofHandler.go:69 WriteToIBoFSocket()] 
2021-08-22T18:53:54+09:00 [INFO] readFromIBoFSocket Start[ibofHandler.go:39 ReadFromIBoFSocket()] 
2021-08-22T18:53:54+09:00 [INFO] readFromIBoFSocket : Message Receive Success[ibofHandler.go:50 ReadFromIBoFSocket()] 
2021-08-22T18:53:54+09:00 [INFO] Response From iBoF : {"command":"CREATEVOLUME","rid":"55f0d4b2-8475-4539-9e55-3d0e23529b05","result":{"status":{"code":2022,"description":"failed to create vol2(code:2022)"}},"info":{"version":"pos-0.9.2"}}[messageHandler.go:151 sendIBoF()] 
2021-08-22T18:53:54+09:00 [INFO] Connection Cloase : 127.0.0.1:54418[ibofHandler.go:28 DisconnectToIBoFOS()] 
2021-08-22T18:53:54+09:00 [ERRO] {MODULE:VolumeManager CODE:2022 LEVEL:WARN DESCRIPTION:Volume name is duplicated PROBLEM:A volume with a duplicate name already exists SOLUTION:Enter a different volume name}[messageHandler.go:71 SendIbofos()] 
2021-08-22T18:54:01+09:00 [DEBU] [MOUNTVOLUME][{Name:vol2 NewName: Array:POSArray SubNQN: Size:0 Maxiops:0 Maxbw:0 NameSuffix:0 TotalCount:0 StopOnError:false MountAll:false}][messageHandler.go:51 SendIbofos()] 
2021-08-22T18:54:01+09:00 [DEBU] sendIBoF : {Command:MOUNTVOLUME Rid:c8c53d82-2e41-48c5-ad53-ffc765c2c025 Param:{Name:vol2 NewName: Array:POSArray SubNQN: Size:0 Maxiops:0 Maxbw:0 NameSuffix:0 TotalCount:0 StopOnError:false MountAll:false}}[messageHandler.go:136 sendIBoF()] 
2021-08-22T18:54:01+09:00 [INFO] WriteToIBoFSocket : Write Success
[ibofHandler.go:69 WriteToIBoFSocket()] 
2021-08-22T18:54:01+09:00 [INFO] readFromIBoFSocket Start[ibofHandler.go:39 ReadFromIBoFSocket()] 
2021-08-22T18:54:01+09:00 [INFO] readFromIBoFSocket : Message Receive Success[ibofHandler.go:50 ReadFromIBoFSocket()] 
2021-08-22T18:54:01+09:00 [INFO] Response From iBoF : {"command":"MOUNTVOLUME","rid":"c8c53d82-2e41-48c5-ad53-ffc765c2c025","result":{"status":{"code":0,"description":"vol2is mounted successfully"}},"info":{"version":"pos-0.9.2"}}[messageHandler.go:151 sendIBoF()] 
2021-08-22T18:54:01+09:00 [INFO] Connection Cloase : 127.0.0.1:54422[ibofHandler.go:28 DisconnectToIBoFOS()] 
2021-08-22T18:54:01+09:00 [DEBU] {Command:MOUNTVOLUME Rid:c8c53d82-2e41-48c5-ad53-ffc765c2c025 Param:{Name:vol2 NewName: Array:POSArray SubNQN: Size:0 Maxiops:0 Maxbw:0 NameSuffix:0 TotalCount:0 StopOnError:false MountAll:false}}[messageHandler.go:75 SendIbofos()] 
2021-08-22T18:54:01+09:00 [DEBU] {Rid:c8c53d82-2e41-48c5-ad53-ffc765c2c025 LastSuccessTime:1629626041 Result:{Status:{Module: Code:0 Level: Description:vol2is mounted successfully Problem: Solution:} Data:<nil>} Info:map[version:pos-0.9.2]}[messageHandler.go:76 SendIbofos()] 
2021-08-22T18:54:15+09:00 [DEBU] [GETHOSTNQN][{Name:vol2 NewName: Array:POSArray SubNQN: Size:0 Maxiops:0 Maxbw:0 NameSuffix:0 TotalCount:0 StopOnError:false MountAll:false}][messageHandler.go:51 SendIbofos()] 
2021-08-22T18:54:15+09:00 [DEBU] sendIBoF : {Command:GETHOSTNQN Rid:b0f95d00-99b2-475e-ae7a-830296e81167 Param:{Name:vol2 NewName: Array:POSArray SubNQN: Size:0 Maxiops:0 Maxbw:0 NameSuffix:0 TotalCount:0 StopOnError:false MountAll:false}}[messageHandler.go:136 sendIBoF()] 
2021-08-22T18:54:15+09:00 [INFO] WriteToIBoFSocket : Write Success
[ibofHandler.go:69 WriteToIBoFSocket()] 
2021-08-22T18:54:15+09:00 [INFO] readFromIBoFSocket Start[ibofHandler.go:39 ReadFromIBoFSocket()] 
2021-08-22T18:54:15+09:00 [INFO] readFromIBoFSocket : Message Receive Success[ibofHandler.go:50 ReadFromIBoFSocket()] 
2021-08-22T18:54:15+09:00 [INFO] Response From iBoF : {"command":"GETHOSTNQN","rid":"b0f95d00-99b2-475e-ae7a-830296e81167","result":{"status":{"code":-1,"description":"There is no hostnqn mapped to this volume: vol2. Connection to the POS Subsystem is required. "}},"info":{"version":"pos-0.9.2"}}[messageHandler.go:151 sendIBoF()] 
2021-08-22T18:54:15+09:00 [INFO] Connection Cloase : 127.0.0.1:54428[ibofHandler.go:28 DisconnectToIBoFOS()] 
2021-08-22T18:54:15+09:00 [ERRO] there is no event info[messageHandler.go:67 SendIbofos()] 
2021-08-22T18:54:15+09:00 [ERRO] there is no event info[volume.go:175 GetVolumeHostNQN()] 
2021-08-22T18:54:24+09:00 [DEBU] [RENAMEVOLUME][{Name:vol2 NewName:newvol2 Array:POSArray SubNQN: Size:0 Maxiops:0 Maxbw:0 NameSuffix:0 TotalCount:0 StopOnError:false MountAll:false}][messageHandler.go:51 SendIbofos()] 
2021-08-22T18:54:24+09:00 [DEBU] sendIBoF : {Command:RENAMEVOLUME Rid:74472a78-929a-49b8-a5f3-c1f2ffa9f391 Param:{Name:vol2 NewName:newvol2 Array:POSArray SubNQN: Size:0 Maxiops:0 Maxbw:0 NameSuffix:0 TotalCount:0 StopOnError:false MountAll:false}}[messageHandler.go:136 sendIBoF()] 
2021-08-22T18:54:24+09:00 [INFO] WriteToIBoFSocket : Write Success
[ibofHandler.go:69 WriteToIBoFSocket()] 
2021-08-22T18:54:24+09:00 [INFO] readFromIBoFSocket Start[ibofHandler.go:39 ReadFromIBoFSocket()] 
2021-08-22T18:54:24+09:00 [INFO] readFromIBoFSocket : Message Receive Success[ibofHandler.go:50 ReadFromIBoFSocket()] 
2021-08-22T18:54:24+09:00 [INFO] Response From iBoF : {"command":"RENAMEVOLUME","rid":"74472a78-929a-49b8-a5f3-c1f2ffa9f391","result":{"status":{"code":0,"description":"vol2 is renamed to newvol2"}},"info":{"version":"pos-0.9.2"}}[messageHandler.go:151 sendIBoF()] 
2021-08-22T18:54:24+09:00 [INFO] Connection Cloase : 127.0.0.1:54432[ibofHandler.go:28 DisconnectToIBoFOS()] 
2021-08-22T18:54:24+09:00 [DEBU] {Command:RENAMEVOLUME Rid:74472a78-929a-49b8-a5f3-c1f2ffa9f391 Param:{Name:vol2 NewName:newvol2 Array:POSArray SubNQN: Size:0 Maxiops:0 Maxbw:0 NameSuffix:0 TotalCount:0 StopOnError:false MountAll:false}}[messageHandler.go:75 SendIbofos()] 
2021-08-22T18:54:24+09:00 [DEBU] {Rid:74472a78-929a-49b8-a5f3-c1f2ffa9f391 LastSuccessTime:1629626064 Result:{Status:{Module: Code:0 Level: Description:vol2 is renamed to newvol2 Problem: Solution:} Data:<nil>} Info:map[version:pos-0.9.2]}[messageHandler.go:76 SendIbofos()] 
2021-08-22T20:30:16+09:00 [DEBU] [LISTDEVICE][{Name: Spare: Array: DevType: NumBlocks:0 BlockSize:0}][messageHandler.go:51 SendIbofos()] 
2021-08-22T20:30:16+09:00 [DEBU] sendIBoF : {Command:LISTDEVICE Rid:26f55a70-66f2-42c3-a53c-707bc38de3c5 Param:{Name: Spare: Array: DevType: NumBlocks:0 BlockSize:0}}[messageHandler.go:136 sendIBoF()] 
2021-08-22T20:30:16+09:00 [INFO] WriteToIBoFSocket : Write Success
[ibofHandler.go:69 WriteToIBoFSocket()] 
2021-08-22T20:30:16+09:00 [INFO] readFromIBoFSocket Start[ibofHandler.go:39 ReadFromIBoFSocket()] 
2021-08-22T20:30:16+09:00 [INFO] readFromIBoFSocket : Message Receive Success[ibofHandler.go:50 ReadFromIBoFSocket()] 
2021-08-22T20:30:16+09:00 [INFO] Response From iBoF : {"command":"LISTDEVICE","rid":"26f55a70-66f2-42c3-a53c-707bc38de3c5","result":{"status":{"code":0,"description":"list of existing devices"},"data":{"devicelist":[{"name":"unvme-ns-0","size":5368709120,"mn":"ORCL-VBOX-NVME-VER12                    ","sn":"VB1234-56789        ","type":"SSD","addr":"0000:00:0e.0","class":"ARRAY","numa":"0"},{"name":"unvme-ns-1","size":5368709120,"mn":"ORCL-VBOX-NVME-VER12                    ","sn":"VB1234-56789        ","type":"SSD","addr":"0000:00:0e.0","class":"SYSTEM","numa":"0"},{"name":"unvme-ns-2","size":5368709120,"mn":"ORCL-VBOX-NVME-VER12                    ","sn":"VB1234-56789        ","type":"SSD","addr":"0000:00:0e.0","class":"SYSTEM","numa":"0"},{"name":"unvme-ns-3","size":5368709120,"mn":"ORCL-VBOX-NVME-VER12                    ","sn":"VB1234-56789        ","type":"SSD","addr":"0000:00:0e.0","class":"SYSTEM","numa":"0"},{"name":"unvme-ns-4","size":5368709120,"mn":"ORCL-VBOX-NVME-VER12                    ","sn":"VB1234-56789        ","type":"SSD","addr":"0000:00:0e.0","class":"SYSTEM","numa":"0"},{"name":"uram0","size":2147483648,"mn":"uram0","sn":"uram0","type":"NVRAM","addr":"","class":"ARRAY","numa":"UNKNOWN"}]}},"info":{"version":"pos-0.9.2"}}[messageHandler.go:151 sendIBoF()] 
2021-08-22T20:30:16+09:00 [INFO] Connection Cloase : 127.0.0.1:54648[ibofHandler.go:28 DisconnectToIBoFOS()] 
2021-08-22T20:30:16+09:00 [DEBU] {Command:LISTDEVICE Rid:26f55a70-66f2-42c3-a53c-707bc38de3c5 Param:{Name: Spare: Array: DevType: NumBlocks:0 BlockSize:0}}[messageHandler.go:75 SendIbofos()] 
2021-08-22T20:30:16+09:00 [DEBU] {Rid:26f55a70-66f2-42c3-a53c-707bc38de3c5 LastSuccessTime:1629631816 Result:{Status:{Module: Code:0 Level: Description:list of existing devices Problem: Solution:} Data:map[devicelist:[map[addr:0000:00:0e.0 class:ARRAY mn:ORCL-VBOX-NVME-VER12                     name:unvme-ns-0 numa:0 size:5368709120 sn:VB1234-56789         type:SSD] map[addr:0000:00:0e.0 class:SYSTEM mn:ORCL-VBOX-NVME-VER12                     name:unvme-ns-1 numa:0 size:5368709120 sn:VB1234-56789         type:SSD] map[addr:0000:00:0e.0 class:SYSTEM mn:ORCL-VBOX-NVME-VER12                     name:unvme-ns-2 numa:0 size:5368709120 sn:VB1234-56789         type:SSD] map[addr:0000:00:0e.0 class:SYSTEM mn:ORCL-VBOX-NVME-VER12                     name:unvme-ns-3 numa:0 size:5368709120 sn:VB1234-56789         type:SSD] map[addr:0000:00:0e.0 class:SYSTEM mn:ORCL-VBOX-NVME-VER12                     name:unvme-ns-4 numa:0 size:5368709120 sn:VB1234-56789         type:SSD] map[addr: class:ARRAY mn:uram0 name:uram0 numa:UNKNOWN size:2147483648 sn:uram0 type:NVRAM]]]} Info:map[version:pos-0.9.2]}[messageHandler.go:76 SendIbofos()] 
2021-08-22T20:30:46+09:00 [DEBU] [SCANDEVICE][{Name: Spare: Array: DevType: NumBlocks:0 BlockSize:0}][messageHandler.go:51 SendIbofos()] 
2021-08-22T20:30:46+09:00 [DEBU] sendIBoF : {Command:SCANDEVICE Rid:f2ce243a-8e85-48a0-b5a4-4981f9102e5d Param:{Name: Spare: Array: DevType: NumBlocks:0 BlockSize:0}}[messageHandler.go:136 sendIBoF()] 
2021-08-22T20:30:46+09:00 [INFO] WriteToIBoFSocket : Write Success
[ibofHandler.go:69 WriteToIBoFSocket()] 
2021-08-22T20:30:46+09:00 [INFO] readFromIBoFSocket Start[ibofHandler.go:39 ReadFromIBoFSocket()] 
2021-08-22T20:30:46+09:00 [INFO] readFromIBoFSocket : Message Receive Success[ibofHandler.go:50 ReadFromIBoFSocket()] 
2021-08-22T20:30:46+09:00 [INFO] Response From iBoF : {"command":"SCANDEVICE","rid":"f2ce243a-8e85-48a0-b5a4-4981f9102e5d","result":{"status":{"code":0,"description":"device scanning complete"}},"info":{"version":"pos-0.9.2"}}[messageHandler.go:151 sendIBoF()] 
2021-08-22T20:30:46+09:00 [INFO] Connection Cloase : 127.0.0.1:54656[ibofHandler.go:28 DisconnectToIBoFOS()] 
2021-08-22T20:30:46+09:00 [DEBU] {Command:SCANDEVICE Rid:f2ce243a-8e85-48a0-b5a4-4981f9102e5d Param:{Name: Spare: Array: DevType: NumBlocks:0 BlockSize:0}}[messageHandler.go:75 SendIbofos()] 
2021-08-22T20:30:46+09:00 [DEBU] {Rid:f2ce243a-8e85-48a0-b5a4-4981f9102e5d LastSuccessTime:1629631846 Result:{Status:{Module: Code:0 Level: Description:device scanning complete Problem: Solution:} Data:<nil>} Info:map[version:pos-0.9.2]}[messageHandler.go:76 SendIbofos()] 
2021-08-22T20:30:55+09:00 [DEBU] [SMART][{Name:unvme-ns-0 Spare: Array: DevType: NumBlocks:0 BlockSize:0}][messageHandler.go:51 SendIbofos()] 
2021-08-22T20:30:55+09:00 [DEBU] sendIBoF : {Command:SMART Rid:7da1539a-681a-4de0-91a6-616dd21579f1 Param:{Name:unvme-ns-0 Spare: Array: DevType: NumBlocks:0 BlockSize:0}}[messageHandler.go:136 sendIBoF()] 
2021-08-22T20:30:55+09:00 [INFO] WriteToIBoFSocket : Write Success
[ibofHandler.go:69 WriteToIBoFSocket()] 
2021-08-22T20:30:55+09:00 [INFO] readFromIBoFSocket Start[ibofHandler.go:39 ReadFromIBoFSocket()] 
2021-08-22T20:30:55+09:00 [INFO] readFromIBoFSocket : Message Receive Success[ibofHandler.go:50 ReadFromIBoFSocket()] 
2021-08-22T20:30:55+09:00 [INFO] Response From iBoF : {"command":"NVMEADMINCOMMAND","rid":"7da1539a-681a-4de0-91a6-616dd21579f1","result":{"status":{"code":0,"description":"DONE"},"data":{"availableSpareSpace":"OK","temperature":"OK","deviceReliability":"OK","readOnly":"No","volatileMemoryBackup":"OK","currentTemperature":"-273C","availableSpare":"0%","availableSpareThreshold":"0%","lifePercentageUsed":"0%","dataUnitsRead":"0","dataUnitsWritten":"0","hostReadCommands":"0","hostWriteCommands":"0","contollerBusyTime":"0m","powerCycles":"0","powerOnHours":"0h","unsafeShutdowns":"0","unrecoverableMediaErrors":"0","lifetimeErrorLogEntries":"0","warningTemperatureTime":"0m","criticalTemperatureTime":"0m"}},"info":{"version":"pos-0.9.2"}}[messageHandler.go:151 sendIBoF()] 
2021-08-22T20:30:55+09:00 [INFO] Connection Cloase : 127.0.0.1:54660[ibofHandler.go:28 DisconnectToIBoFOS()] 
2021-08-22T20:30:55+09:00 [DEBU] {Command:SMART Rid:7da1539a-681a-4de0-91a6-616dd21579f1 Param:{Name:unvme-ns-0 Spare: Array: DevType: NumBlocks:0 BlockSize:0}}[messageHandler.go:75 SendIbofos()] 
2021-08-22T20:30:55+09:00 [DEBU] {Rid:7da1539a-681a-4de0-91a6-616dd21579f1 LastSuccessTime:1629631855 Result:{Status:{Module: Code:0 Level: Description:DONE Problem: Solution:} Data:map[availableSpare:0% availableSpareSpace:OK availableSpareThreshold:0% contollerBusyTime:0m criticalTemperatureTime:0m currentTemperature:-273C dataUnitsRead:0 dataUnitsWritten:0 deviceReliability:OK hostReadCommands:0 hostWriteCommands:0 lifePercentageUsed:0% lifetimeErrorLogEntries:0 powerCycles:0 powerOnHours:0h readOnly:No temperature:OK unrecoverableMediaErrors:0 unsafeShutdowns:0 volatileMemoryBackup:OK warningTemperatureTime:0m]} Info:map[version:pos-0.9.2]}[messageHandler.go:76 SendIbofos()] 
2021-08-22T20:33:26+09:00 [DEBU] sendIBoF : {Command:ARRAYINFO Rid:e73b5b67-2421-4c83-bbd5-67cb068beb9d Param:{FtType:0 Name:POSArray RaidType: Buffer:[] Data:[] Spare:[] Array:}}[messageHandler.go:136 sendIBoF()] 
2021-08-22T20:33:26+09:00 [INFO] WriteToIBoFSocket : Write Success
[ibofHandler.go:69 WriteToIBoFSocket()] 
2021-08-22T20:33:26+09:00 [INFO] readFromIBoFSocket Start[ibofHandler.go:39 ReadFromIBoFSocket()] 
2021-08-22T20:33:26+09:00 [INFO] readFromIBoFSocket : Message Receive Success[ibofHandler.go:50 ReadFromIBoFSocket()] 
2021-08-22T20:33:26+09:00 [INFO] Response From iBoF : {"command":"ARRAYINFO","rid":"e73b5b67-2421-4c83-bbd5-67cb068beb9d","result":{"status":{"code":0,"description":"POSArray information"},"data":{"name":"POSArray","state":"NORMAL","situation":"NORMAL","createDatetime":"2021-08-22 14:33:18 +0900","updateDatetime":"2021-08-22 14:33:18 +0900","rebuildingProgress":"0","capacity":17394617549,"used":2147483648,"devicelist":[{"type":"BUFFER","name":"uram0"},{"type":"DATA","name":"unvme-ns-0"},{"type":"DATA","name":"unvme-ns-0"},{"type":"DATA","name":"unvme-ns-0"},{"type":"DATA","name":"unvme-ns-0"},{"type":"DATA","name":"unvme-ns-0"}]}},"info":{"version":"pos-0.9.2"}}[messageHandler.go:151 sendIBoF()] 
2021-08-22T20:33:26+09:00 [INFO] Connection Cloase : 127.0.0.1:54668[ibofHandler.go:28 DisconnectToIBoFOS()] 
2021-08-22T20:33:26+09:00 [DEBU] {ARRAYINFO e73b5b67-2421-4c83-bbd5-67cb068beb9d {0 POSArray  [] [] [] }}[array.go:34 GetArray()] 
2021-08-22T20:33:26+09:00 [DEBU] {e73b5b67-2421-4c83-bbd5-67cb068beb9d 1629632006 {{ 0  POSArray information  } map[capacity:17394617549 createDatetime:2021-08-22 14:33:18 +0900 devicelist:[map[name:uram0 type:BUFFER] map[name:unvme-ns-0 type:DATA] map[name:unvme-ns-0 type:DATA] map[name:unvme-ns-0 type:DATA] map[name:unvme-ns-0 type:DATA] map[name:unvme-ns-0 type:DATA]] name:POSArray rebuildingProgress:0 situation:NORMAL state:NORMAL updateDatetime:2021-08-22 14:33:18 +0900 used:2147483648]} map[version:pos-0.9.2]}[array.go:35 GetArray()] 
