2021-08-17T00:11:29+09:00 [DEBU] sendIBoF : {Command:LISTVOLUME Rid:2b36cbac-49dc-48d7-8769-ddd122786e09 Param:{Name:vol1 NewName: Array: SubNQN: Size:0 Maxiops:0 Maxbw:0 NameSuffix:0 TotalCount:0 StopOnError:false MountAll:false}}[messageHandler.go:88 sendIBoF()] 
2021-08-17T00:11:29+09:00 [INFO] WriteToIBoFSocket : Write Success
[ibofHandler.go:69 WriteToIBoFSocket()] 
2021-08-17T00:11:29+09:00 [INFO] readFromIBoFSocket Start[ibofHandler.go:39 ReadFromIBoFSocket()] 
2021-08-17T00:11:29+09:00 [INFO] readFromIBoFSocket : Message Receive Success[ibofHandler.go:50 ReadFromIBoFSocket()] 
2021-08-17T00:11:29+09:00 [INFO] Response From iBoF : {"command":"LISTVOLUME","rid":"2b36cbac-49dc-48d7-8769-ddd122786e09","result":{"status":{"code":0,"description":"list of volumes in POSArray"},"data":{"volumes":[{"name":"vol1","id":0,"total":2147483648,"remain":2147483648,"status":"Mounted","maxiops":0,"maxbw":0}]}},"info":{"version":"pos-0.9.2"}}[messageHandler.go:103 sendIBoF()] 
2021-08-17T00:11:29+09:00 [INFO] Connection Cloase : 127.0.0.1:60954[ibofHandler.go:28 DisconnectToIBoFOS()] 
2021-08-17T00:11:29+09:00 [DEBU] {Command:LISTVOLUME Rid:2b36cbac-49dc-48d7-8769-ddd122786e09 Param:{Name:vol1 NewName: Array: SubNQN: Size:0 Maxiops:0 Maxbw:0 NameSuffix:0 TotalCount:0 StopOnError:false MountAll:false}}[volume.go:38 GetVolume()] 
2021-08-17T00:11:29+09:00 [DEBU] {Rid:2b36cbac-49dc-48d7-8769-ddd122786e09 LastSuccessTime:1629126689 Result:{Status:{Module: Code:0 Level: Description:list of volumes in POSArray Problem: Solution:} Data:map[volumes:[map[id:0 maxbw:0 maxiops:0 name:vol1 remain:2147483648 status:Mounted total:2147483648]]]} Info:map[version:pos-0.9.2]}[volume.go:39 GetVolume()] 
2021-08-17T00:11:36+09:00 [DEBU] sendIBoF : {Command:LISTVOLUME Rid:37576b1d-9397-4eae-ad56-38be96416cfd Param:{Name: NewName: Array:POSArray SubNQN: Size:0 Maxiops:0 Maxbw:0 NameSuffix:0 TotalCount:0 StopOnError:false MountAll:false}}[messageHandler.go:88 sendIBoF()] 
2021-08-17T00:11:36+09:00 [INFO] WriteToIBoFSocket : Write Success
[ibofHandler.go:69 WriteToIBoFSocket()] 
2021-08-17T00:11:36+09:00 [INFO] readFromIBoFSocket Start[ibofHandler.go:39 ReadFromIBoFSocket()] 
2021-08-17T00:11:36+09:00 [INFO] readFromIBoFSocket : Message Receive Success[ibofHandler.go:50 ReadFromIBoFSocket()] 
2021-08-17T00:11:36+09:00 [INFO] Response From iBoF : {"command":"LISTVOLUME","rid":"37576b1d-9397-4eae-ad56-38be96416cfd","result":{"status":{"code":0,"description":"list of volumes in POSArray"},"data":{"volumes":[{"name":"vol1","id":0,"total":2147483648,"remain":2147483648,"status":"Mounted","maxiops":0,"maxbw":0}]}},"info":{"version":"pos-0.9.2"}}[messageHandler.go:103 sendIBoF()] 
2021-08-17T00:11:36+09:00 [INFO] Connection Cloase : 127.0.0.1:60958[ibofHandler.go:28 DisconnectToIBoFOS()] 
2021-08-17T00:11:36+09:00 [DEBU] {Command:LISTVOLUME Rid:37576b1d-9397-4eae-ad56-38be96416cfd Param:{Name: NewName: Array:POSArray SubNQN: Size:0 Maxiops:0 Maxbw:0 NameSuffix:0 TotalCount:0 StopOnError:false MountAll:false}}[volume.go:38 GetVolume()] 
2021-08-17T00:11:36+09:00 [DEBU] {Rid:37576b1d-9397-4eae-ad56-38be96416cfd LastSuccessTime:1629126696 Result:{Status:{Module: Code:0 Level: Description:list of volumes in POSArray Problem: Solution:} Data:map[volumes:[map[id:0 maxbw:0 maxiops:0 name:vol1 remain:2147483648 status:Mounted total:2147483648]]]} Info:map[version:pos-0.9.2]}[volume.go:39 GetVolume()] 
2021-08-17T00:11:41+09:00 [DEBU] sendIBoF : {Command:LISTVOLUME Rid:fcc84b08-3a52-4f7a-b522-bb1e9e1fda22 Param:{Name: NewName: Array: SubNQN: Size:0 Maxiops:0 Maxbw:0 NameSuffix:0 TotalCount:0 StopOnError:false MountAll:false}}[messageHandler.go:88 sendIBoF()] 
2021-08-17T00:11:41+09:00 [INFO] WriteToIBoFSocket : Write Success
[ibofHandler.go:69 WriteToIBoFSocket()] 
2021-08-17T00:11:41+09:00 [INFO] readFromIBoFSocket Start[ibofHandler.go:39 ReadFromIBoFSocket()] 
2021-08-17T00:11:41+09:00 [INFO] readFromIBoFSocket : Message Receive Success[ibofHandler.go:50 ReadFromIBoFSocket()] 
2021-08-17T00:11:41+09:00 [INFO] Response From iBoF : {"command":"LISTVOLUME","rid":"fcc84b08-3a52-4f7a-b522-bb1e9e1fda22","result":{"status":{"code":0,"description":"list of volumes in POSArray"},"data":{"volumes":[{"name":"vol1","id":0,"total":2147483648,"remain":2147483648,"status":"Mounted","maxiops":0,"maxbw":0}]}},"info":{"version":"pos-0.9.2"}}[messageHandler.go:103 sendIBoF()] 
2021-08-17T00:11:41+09:00 [INFO] Connection Cloase : 127.0.0.1:60962[ibofHandler.go:28 DisconnectToIBoFOS()] 
2021-08-17T00:11:41+09:00 [DEBU] {Command:LISTVOLUME Rid:fcc84b08-3a52-4f7a-b522-bb1e9e1fda22 Param:{Name: NewName: Array: SubNQN: Size:0 Maxiops:0 Maxbw:0 NameSuffix:0 TotalCount:0 StopOnError:false MountAll:false}}[volume.go:38 GetVolume()] 
2021-08-17T00:11:41+09:00 [DEBU] {Rid:fcc84b08-3a52-4f7a-b522-bb1e9e1fda22 LastSuccessTime:1629126701 Result:{Status:{Module: Code:0 Level: Description:list of volumes in POSArray Problem: Solution:} Data:map[volumes:[map[id:0 maxbw:0 maxiops:0 name:vol1 remain:2147483648 status:Mounted total:2147483648]]]} Info:map[version:pos-0.9.2]}[volume.go:39 GetVolume()] 
2021-08-17T00:11:53+09:00 [DEBU] sendIBoF : {Command:LISTVOLUME Rid:372993d0-38f8-4051-bfb5-d38228dd109b Param:{Name:vol1 NewName: Array: SubNQN: Size:0 Maxiops:0 Maxbw:0 NameSuffix:0 TotalCount:0 StopOnError:false MountAll:false}}[messageHandler.go:88 sendIBoF()] 
2021-08-17T00:11:53+09:00 [INFO] WriteToIBoFSocket : Write Success
[ibofHandler.go:69 WriteToIBoFSocket()] 
2021-08-17T00:11:53+09:00 [INFO] readFromIBoFSocket Start[ibofHandler.go:39 ReadFromIBoFSocket()] 
2021-08-17T00:11:53+09:00 [INFO] readFromIBoFSocket : Message Receive Success[ibofHandler.go:50 ReadFromIBoFSocket()] 
2021-08-17T00:11:53+09:00 [INFO] Response From iBoF : {"command":"LISTVOLUME","rid":"372993d0-38f8-4051-bfb5-d38228dd109b","result":{"status":{"code":0,"description":"list of volumes in POSArray"},"data":{"volumes":[{"name":"vol1","id":0,"total":2147483648,"remain":2147483648,"status":"Mounted","maxiops":0,"maxbw":0}]}},"info":{"version":"pos-0.9.2"}}[messageHandler.go:103 sendIBoF()] 
2021-08-17T00:11:53+09:00 [INFO] Connection Cloase : 127.0.0.1:60968[ibofHandler.go:28 DisconnectToIBoFOS()] 
2021-08-17T00:11:53+09:00 [DEBU] {Command:LISTVOLUME Rid:372993d0-38f8-4051-bfb5-d38228dd109b Param:{Name:vol1 NewName: Array: SubNQN: Size:0 Maxiops:0 Maxbw:0 NameSuffix:0 TotalCount:0 StopOnError:false MountAll:false}}[volume.go:38 GetVolume()] 
2021-08-17T00:11:53+09:00 [DEBU] {Rid:372993d0-38f8-4051-bfb5-d38228dd109b LastSuccessTime:1629126713 Result:{Status:{Module: Code:0 Level: Description:list of volumes in POSArray Problem: Solution:} Data:map[volumes:[map[id:0 maxbw:0 maxiops:0 name:vol1 remain:2147483648 status:Mounted total:2147483648]]]} Info:map[version:pos-0.9.2]}[volume.go:39 GetVolume()] 
2021-08-17T00:11:56+09:00 [DEBU] sendIBoF : {Command:LISTVOLUME Rid:c93e0e60-8a1a-4340-966c-ca9cac3ead87 Param:{Name:vol1 NewName: Array: SubNQN: Size:0 Maxiops:0 Maxbw:0 NameSuffix:0 TotalCount:0 StopOnError:false MountAll:false}}[messageHandler.go:88 sendIBoF()] 
2021-08-17T00:11:56+09:00 [INFO] WriteToIBoFSocket : Write Success
[ibofHandler.go:69 WriteToIBoFSocket()] 
2021-08-17T00:11:56+09:00 [INFO] readFromIBoFSocket Start[ibofHandler.go:39 ReadFromIBoFSocket()] 
2021-08-17T00:11:56+09:00 [INFO] readFromIBoFSocket : Message Receive Success[ibofHandler.go:50 ReadFromIBoFSocket()] 
2021-08-17T00:11:56+09:00 [INFO] Response From iBoF : {"command":"LISTVOLUME","rid":"c93e0e60-8a1a-4340-966c-ca9cac3ead87","result":{"status":{"code":0,"description":"list of volumes in POSArray"},"data":{"volumes":[{"name":"vol1","id":0,"total":2147483648,"remain":2147483648,"status":"Mounted","maxiops":0,"maxbw":0}]}},"info":{"version":"pos-0.9.2"}}[messageHandler.go:103 sendIBoF()] 
2021-08-17T00:11:56+09:00 [INFO] Connection Cloase : 127.0.0.1:60972[ibofHandler.go:28 DisconnectToIBoFOS()] 
2021-08-17T00:11:56+09:00 [DEBU] {Command:LISTVOLUME Rid:c93e0e60-8a1a-4340-966c-ca9cac3ead87 Param:{Name:vol1 NewName: Array: SubNQN: Size:0 Maxiops:0 Maxbw:0 NameSuffix:0 TotalCount:0 StopOnError:false MountAll:false}}[volume.go:38 GetVolume()] 
2021-08-17T00:11:56+09:00 [DEBU] {Rid:c93e0e60-8a1a-4340-966c-ca9cac3ead87 LastSuccessTime:1629126716 Result:{Status:{Module: Code:0 Level: Description:list of volumes in POSArray Problem: Solution:} Data:map[volumes:[map[id:0 maxbw:0 maxiops:0 name:vol1 remain:2147483648 status:Mounted total:2147483648]]]} Info:map[version:pos-0.9.2]}[volume.go:39 GetVolume()] 
2021-08-17T00:12:06+09:00 [DEBU] sendIBoF : {Command:LISTVOLUME Rid:5a324771-e8c1-4314-91b2-0923e8e61fee Param:{Name: NewName: Array:POSArray SubNQN: Size:0 Maxiops:0 Maxbw:0 NameSuffix:0 TotalCount:0 StopOnError:false MountAll:false}}[messageHandler.go:88 sendIBoF()] 
2021-08-17T00:12:06+09:00 [INFO] WriteToIBoFSocket : Write Success
[ibofHandler.go:69 WriteToIBoFSocket()] 
2021-08-17T00:12:06+09:00 [INFO] readFromIBoFSocket Start[ibofHandler.go:39 ReadFromIBoFSocket()] 
2021-08-17T00:12:06+09:00 [INFO] readFromIBoFSocket : Message Receive Success[ibofHandler.go:50 ReadFromIBoFSocket()] 
2021-08-17T00:12:06+09:00 [INFO] Response From iBoF : {"command":"LISTVOLUME","rid":"5a324771-e8c1-4314-91b2-0923e8e61fee","result":{"status":{"code":0,"description":"list of volumes in POSArray"},"data":{"volumes":[{"name":"vol1","id":0,"total":2147483648,"remain":2147483648,"status":"Mounted","maxiops":0,"maxbw":0}]}},"info":{"version":"pos-0.9.2"}}[messageHandler.go:103 sendIBoF()] 
2021-08-17T00:12:06+09:00 [INFO] Connection Cloase : 127.0.0.1:60976[ibofHandler.go:28 DisconnectToIBoFOS()] 
2021-08-17T00:12:06+09:00 [DEBU] {Command:LISTVOLUME Rid:5a324771-e8c1-4314-91b2-0923e8e61fee Param:{Name: NewName: Array:POSArray SubNQN: Size:0 Maxiops:0 Maxbw:0 NameSuffix:0 TotalCount:0 StopOnError:false MountAll:false}}[volume.go:38 GetVolume()] 
2021-08-17T00:12:06+09:00 [DEBU] {Rid:5a324771-e8c1-4314-91b2-0923e8e61fee LastSuccessTime:1629126726 Result:{Status:{Module: Code:0 Level: Description:list of volumes in POSArray Problem: Solution:} Data:map[volumes:[map[id:0 maxbw:0 maxiops:0 name:vol1 remain:2147483648 status:Mounted total:2147483648]]]} Info:map[version:pos-0.9.2]}[volume.go:39 GetVolume()] 
2021-08-17T00:12:10+09:00 [DEBU] sendIBoF : {Command:LISTVOLUME Rid:0e13e5b2-e194-4f7c-a4db-3c1b36c40583 Param:{Name: NewName: Array: SubNQN: Size:0 Maxiops:0 Maxbw:0 NameSuffix:0 TotalCount:0 StopOnError:false MountAll:false}}[messageHandler.go:88 sendIBoF()] 
2021-08-17T00:12:10+09:00 [INFO] WriteToIBoFSocket : Write Success
[ibofHandler.go:69 WriteToIBoFSocket()] 
2021-08-17T00:12:10+09:00 [INFO] readFromIBoFSocket Start[ibofHandler.go:39 ReadFromIBoFSocket()] 
2021-08-17T00:12:10+09:00 [INFO] readFromIBoFSocket : Message Receive Success[ibofHandler.go:50 ReadFromIBoFSocket()] 
2021-08-17T00:12:10+09:00 [INFO] Response From iBoF : {"command":"LISTVOLUME","rid":"0e13e5b2-e194-4f7c-a4db-3c1b36c40583","result":{"status":{"code":0,"description":"list of volumes in POSArray"},"data":{"volumes":[{"name":"vol1","id":0,"total":2147483648,"remain":2147483648,"status":"Mounted","maxiops":0,"maxbw":0}]}},"info":{"version":"pos-0.9.2"}}[messageHandler.go:103 sendIBoF()] 
2021-08-17T00:12:10+09:00 [INFO] Connection Cloase : 127.0.0.1:60982[ibofHandler.go:28 DisconnectToIBoFOS()] 
2021-08-17T00:12:10+09:00 [DEBU] {Command:LISTVOLUME Rid:0e13e5b2-e194-4f7c-a4db-3c1b36c40583 Param:{Name: NewName: Array: SubNQN: Size:0 Maxiops:0 Maxbw:0 NameSuffix:0 TotalCount:0 StopOnError:false MountAll:false}}[volume.go:38 GetVolume()] 
2021-08-17T00:12:10+09:00 [DEBU] {Rid:0e13e5b2-e194-4f7c-a4db-3c1b36c40583 LastSuccessTime:1629126730 Result:{Status:{Module: Code:0 Level: Description:list of volumes in POSArray Problem: Solution:} Data:map[volumes:[map[id:0 maxbw:0 maxiops:0 name:vol1 remain:2147483648 status:Mounted total:2147483648]]]} Info:map[version:pos-0.9.2]}[volume.go:39 GetVolume()] 
2021-08-17T00:12:45+09:00 [DEBU] sendIBoF : {Command:LISTDEVICE Rid:d1ae8ffe-7b02-433f-9650-67ea6ec684be Param:{Level:}}[messageHandler.go:88 sendIBoF()] 
2021-08-17T00:12:45+09:00 [INFO] WriteToIBoFSocket : Write Success
[ibofHandler.go:69 WriteToIBoFSocket()] 
2021-08-17T00:12:45+09:00 [INFO] readFromIBoFSocket Start[ibofHandler.go:39 ReadFromIBoFSocket()] 
2021-08-17T00:12:45+09:00 [INFO] readFromIBoFSocket : Message Receive Success[ibofHandler.go:50 ReadFromIBoFSocket()] 
2021-08-17T00:12:45+09:00 [INFO] Response From iBoF : {"command":"LISTDEVICE","rid":"d1ae8ffe-7b02-433f-9650-67ea6ec684be","result":{"status":{"code":0,"description":"list of existing devices"},"data":{"devicelist":[{"name":"unvme-ns-0","size":5368709120,"mn":"ORCL-VBOX-NVME-VER12                    ","sn":"VB1234-56789        ","type":"SSD","addr":"0000:00:0e.0","class":"ARRAY","numa":"0"},{"name":"unvme-ns-1","size":5368709120,"mn":"ORCL-VBOX-NVME-VER12                    ","sn":"VB1234-56789        ","type":"SSD","addr":"0000:00:0e.0","class":"SYSTEM","numa":"0"},{"name":"unvme-ns-2","size":5368709120,"mn":"ORCL-VBOX-NVME-VER12                    ","sn":"VB1234-56789        ","type":"SSD","addr":"0000:00:0e.0","class":"SYSTEM","numa":"0"},{"name":"unvme-ns-3","size":5368709120,"mn":"ORCL-VBOX-NVME-VER12                    ","sn":"VB1234-56789        ","type":"SSD","addr":"0000:00:0e.0","class":"SYSTEM","numa":"0"},{"name":"unvme-ns-4","size":5368709120,"mn":"ORCL-VBOX-NVME-VER12                    ","sn":"VB1234-56789        ","type":"SSD","addr":"0000:00:0e.0","class":"SYSTEM","numa":"0"},{"name":"uram0","size":2147483648,"mn":"uram0","sn":"uram0","type":"NVRAM","addr":"","class":"ARRAY","numa":"UNKNOWN"}]}},"info":{"version":"pos-0.9.2"}}[messageHandler.go:103 sendIBoF()] 
2021-08-17T00:12:45+09:00 [INFO] Connection Cloase : 127.0.0.1:60990[ibofHandler.go:28 DisconnectToIBoFOS()] 
2021-08-17T00:12:45+09:00 [DEBU] {Command:LISTDEVICE Rid:d1ae8ffe-7b02-433f-9650-67ea6ec684be Param:{Level:}}[device.go:34 GetDevice()] 
2021-08-17T00:12:45+09:00 [DEBU] {Rid:d1ae8ffe-7b02-433f-9650-67ea6ec684be LastSuccessTime:1629126765 Result:{Status:{Module: Code:0 Level: Description:list of existing devices Problem: Solution:} Data:map[devicelist:[map[addr:0000:00:0e.0 class:ARRAY mn:ORCL-VBOX-NVME-VER12                     name:unvme-ns-0 numa:0 size:5368709120 sn:VB1234-56789         type:SSD] map[addr:0000:00:0e.0 class:SYSTEM mn:ORCL-VBOX-NVME-VER12                     name:unvme-ns-1 numa:0 size:5368709120 sn:VB1234-56789         type:SSD] map[addr:0000:00:0e.0 class:SYSTEM mn:ORCL-VBOX-NVME-VER12                     name:unvme-ns-2 numa:0 size:5368709120 sn:VB1234-56789         type:SSD] map[addr:0000:00:0e.0 class:SYSTEM mn:ORCL-VBOX-NVME-VER12                     name:unvme-ns-3 numa:0 size:5368709120 sn:VB1234-56789         type:SSD] map[addr:0000:00:0e.0 class:SYSTEM mn:ORCL-VBOX-NVME-VER12                     name:unvme-ns-4 numa:0 size:5368709120 sn:VB1234-56789         type:SSD] map[addr: class:ARRAY mn:uram0 name:uram0 numa:UNKNOWN size:2147483648 sn:uram0 type:NVRAM]]]} Info:map[version:pos-0.9.2]}[device.go:35 GetDevice()] 
