2021-08-16T22:43:00+09:00[37m [DEBU] [0msendIBoF : {Command:ARRAYINFO Rid:d6e606dc-6e35-4f16-a365-8a4c12dd6309 Param:{FtType:0 Name:POSArray RaidType: Buffer:[] Data:[] Spare:[] Array:}}[messageHandler.go:88 sendIBoF()] 
2021-08-16T22:43:00+09:00[36m [INFO] [0mWriteToIBoFSocket : Write Success
[ibofHandler.go:69 WriteToIBoFSocket()] 
2021-08-16T22:43:00+09:00[36m [INFO] [0mreadFromIBoFSocket Start[ibofHandler.go:39 ReadFromIBoFSocket()] 
2021-08-16T22:43:00+09:00[36m [INFO] [0mreadFromIBoFSocket : Message Receive Success[ibofHandler.go:50 ReadFromIBoFSocket()] 
2021-08-16T22:43:00+09:00[36m [INFO] [0mResponse From iBoF : {"command":"ARRAYINFO","rid":"d6e606dc-6e35-4f16-a365-8a4c12dd6309","result":{"status":{"code":0,"description":"POSArray information"},"data":{"name":"POSArray","state":"NORMAL","situation":"NORMAL","createDatetime":"2021-08-16 10:48:33 +0900","updateDatetime":"2021-08-16 10:48:33 +0900","rebuildingProgress":"0","capacity":17394617549,"used":2147483648,"devicelist":[{"type":"BUFFER","name":"uram0"},{"type":"DATA","name":"unvme-ns-0"},{"type":"DATA","name":"unvme-ns-0"},{"type":"DATA","name":"unvme-ns-0"},{"type":"DATA","name":"unvme-ns-0"},{"type":"DATA","name":"unvme-ns-0"}]}},"info":{"version":"pos-0.9.2"}}[messageHandler.go:103 sendIBoF()] 
2021-08-16T22:43:00+09:00[36m [INFO] [0mConnection Cloase : 127.0.0.1:60528[ibofHandler.go:28 DisconnectToIBoFOS()] 
2021-08-16T22:43:00+09:00[37m [DEBU] [0m{ARRAYINFO d6e606dc-6e35-4f16-a365-8a4c12dd6309 {0 POSArray  [] [] [] }}[array.go:36 GetArray()] 
2021-08-16T22:43:00+09:00[37m [DEBU] [0m{d6e606dc-6e35-4f16-a365-8a4c12dd6309 1629121380 {{ 0  POSArray information  } map[capacity:17394617549 createDatetime:2021-08-16 10:48:33 +0900 devicelist:[map[name:uram0 type:BUFFER] map[name:unvme-ns-0 type:DATA] map[name:unvme-ns-0 type:DATA] map[name:unvme-ns-0 type:DATA] map[name:unvme-ns-0 type:DATA] map[name:unvme-ns-0 type:DATA]] name:POSArray rebuildingProgress:0 situation:NORMAL state:NORMAL updateDatetime:2021-08-16 10:48:33 +0900 used:2147483648]} map[version:pos-0.9.2]}[array.go:37 GetArray()] 
2021-08-16T22:44:02+09:00 [DEBU] sendIBoF : {Command:ARRAYINFO Rid:3d49f99d-b1ce-4e38-b333-06dcbbc982b4 Param:{FtType:0 Name:POSArray RaidType: Buffer:[] Data:[] Spare:[] Array:}}[messageHandler.go:88 sendIBoF()] 
2021-08-16T22:44:02+09:00 [INFO] WriteToIBoFSocket : Write Success
[ibofHandler.go:69 WriteToIBoFSocket()] 
2021-08-16T22:44:02+09:00 [INFO] readFromIBoFSocket Start[ibofHandler.go:39 ReadFromIBoFSocket()] 
2021-08-16T22:44:02+09:00 [INFO] readFromIBoFSocket : Message Receive Success[ibofHandler.go:50 ReadFromIBoFSocket()] 
2021-08-16T22:44:02+09:00 [INFO] Response From iBoF : {"command":"ARRAYINFO","rid":"3d49f99d-b1ce-4e38-b333-06dcbbc982b4","result":{"status":{"code":0,"description":"POSArray information"},"data":{"name":"POSArray","state":"NORMAL","situation":"NORMAL","createDatetime":"2021-08-16 10:48:33 +0900","updateDatetime":"2021-08-16 10:48:33 +0900","rebuildingProgress":"0","capacity":17394617549,"used":2147483648,"devicelist":[{"type":"BUFFER","name":"uram0"},{"type":"DATA","name":"unvme-ns-0"},{"type":"DATA","name":"unvme-ns-0"},{"type":"DATA","name":"unvme-ns-0"},{"type":"DATA","name":"unvme-ns-0"},{"type":"DATA","name":"unvme-ns-0"}]}},"info":{"version":"pos-0.9.2"}}[messageHandler.go:103 sendIBoF()] 
2021-08-16T22:44:02+09:00 [INFO] Connection Cloase : 127.0.0.1:60540[ibofHandler.go:28 DisconnectToIBoFOS()] 
2021-08-16T22:44:02+09:00 [DEBU] {ARRAYINFO 3d49f99d-b1ce-4e38-b333-06dcbbc982b4 {0 POSArray  [] [] [] }}[array.go:36 GetArray()] 
2021-08-16T22:44:02+09:00 [DEBU] {3d49f99d-b1ce-4e38-b333-06dcbbc982b4 1629121442 {{ 0  POSArray information  } map[capacity:17394617549 createDatetime:2021-08-16 10:48:33 +0900 devicelist:[map[name:uram0 type:BUFFER] map[name:unvme-ns-0 type:DATA] map[name:unvme-ns-0 type:DATA] map[name:unvme-ns-0 type:DATA] map[name:unvme-ns-0 type:DATA] map[name:unvme-ns-0 type:DATA]] name:POSArray rebuildingProgress:0 situation:NORMAL state:NORMAL updateDatetime:2021-08-16 10:48:33 +0900 used:2147483648]} map[version:pos-0.9.2]}[array.go:37 GetArray()] 
2021-08-16T22:49:51+09:00 [DEBU] sendIBoF : {Command:ARRAYINFO Rid:6804d9c5-54fb-4d45-8fd7-37756b71028e Param:{FtType:0 Name:POSArray RaidType: Buffer:[] Data:[] Spare:[] Array:}}[messageHandler.go:88 sendIBoF()] 
2021-08-16T22:49:51+09:00 [INFO] WriteToIBoFSocket : Write Success
[ibofHandler.go:69 WriteToIBoFSocket()] 
2021-08-16T22:49:51+09:00 [INFO] readFromIBoFSocket Start[ibofHandler.go:39 ReadFromIBoFSocket()] 
2021-08-16T22:49:51+09:00 [INFO] readFromIBoFSocket : Message Receive Success[ibofHandler.go:50 ReadFromIBoFSocket()] 
2021-08-16T22:49:51+09:00 [INFO] Response From iBoF : {"command":"ARRAYINFO","rid":"6804d9c5-54fb-4d45-8fd7-37756b71028e","result":{"status":{"code":0,"description":"POSArray information"},"data":{"name":"POSArray","state":"NORMAL","situation":"NORMAL","createDatetime":"2021-08-16 10:48:33 +0900","updateDatetime":"2021-08-16 10:48:33 +0900","rebuildingProgress":"0","capacity":17394617549,"used":2147483648,"devicelist":[{"type":"BUFFER","name":"uram0"},{"type":"DATA","name":"unvme-ns-0"},{"type":"DATA","name":"unvme-ns-0"},{"type":"DATA","name":"unvme-ns-0"},{"type":"DATA","name":"unvme-ns-0"},{"type":"DATA","name":"unvme-ns-0"}]}},"info":{"version":"pos-0.9.2"}}[messageHandler.go:103 sendIBoF()] 
2021-08-16T22:49:51+09:00 [INFO] Connection Cloase : 127.0.0.1:60576[ibofHandler.go:28 DisconnectToIBoFOS()] 
2021-08-16T22:49:51+09:00 [DEBU] {ARRAYINFO 6804d9c5-54fb-4d45-8fd7-37756b71028e {0 POSArray  [] [] [] }}[system.go:36 GetSystem()] 
2021-08-16T22:49:51+09:00 [DEBU] {6804d9c5-54fb-4d45-8fd7-37756b71028e 1629121791 {{ 0  POSArray information  } map[capacity:17394617549 createDatetime:2021-08-16 10:48:33 +0900 devicelist:[map[name:uram0 type:BUFFER] map[name:unvme-ns-0 type:DATA] map[name:unvme-ns-0 type:DATA] map[name:unvme-ns-0 type:DATA] map[name:unvme-ns-0 type:DATA] map[name:unvme-ns-0 type:DATA]] name:POSArray rebuildingProgress:0 situation:NORMAL state:NORMAL updateDatetime:2021-08-16 10:48:33 +0900 used:2147483648]} map[version:pos-0.9.2]}[system.go:37 GetSystem()] 
2021-08-16T22:53:53+09:00 [DEBU] sendIBoF : {Command:GETIBOFOSINFO Rid:cef7fce0-c5dc-43ee-af62-2297f8b0a7d2 Param:{Level:POSArray}}[messageHandler.go:88 sendIBoF()] 
2021-08-16T22:53:53+09:00 [INFO] WriteToIBoFSocket : Write Success
[ibofHandler.go:69 WriteToIBoFSocket()] 
2021-08-16T22:53:53+09:00 [INFO] readFromIBoFSocket Start[ibofHandler.go:39 ReadFromIBoFSocket()] 
2021-08-16T22:53:53+09:00 [INFO] readFromIBoFSocket : Message Receive Success[ibofHandler.go:50 ReadFromIBoFSocket()] 
2021-08-16T22:53:53+09:00 [INFO] Response From iBoF : {"command":"GETIBOFOSINFO","rid":"cef7fce0-c5dc-43ee-af62-2297f8b0a7d2","result":{"status":{"code":0,"description":"DONE"},"data":{"version":"pos-0.9.2"}},"info":{"version":"pos-0.9.2"}}[messageHandler.go:103 sendIBoF()] 
2021-08-16T22:53:53+09:00 [INFO] Connection Cloase : 127.0.0.1:60604[ibofHandler.go:28 DisconnectToIBoFOS()] 
2021-08-16T22:53:53+09:00 [DEBU] {GETIBOFOSINFO cef7fce0-c5dc-43ee-af62-2297f8b0a7d2 {POSArray}}[system.go:36 GetSystem()] 
2021-08-16T22:53:53+09:00 [DEBU] {cef7fce0-c5dc-43ee-af62-2297f8b0a7d2 1629122033 {{ 0  DONE  } map[version:pos-0.9.2]} map[version:pos-0.9.2]}[system.go:37 GetSystem()] 
2021-08-16T22:54:32+09:00 [DEBU] sendIBoF : {Command:ARRAYINFO Rid:ff205c9e-4abc-4cc4-b1a8-bb524331fd0c Param:{FtType:0 Name:POSArray RaidType: Buffer:[] Data:[] Spare:[] Array:}}[messageHandler.go:88 sendIBoF()] 
2021-08-16T22:54:32+09:00 [INFO] WriteToIBoFSocket : Write Success
[ibofHandler.go:69 WriteToIBoFSocket()] 
2021-08-16T22:54:32+09:00 [INFO] readFromIBoFSocket Start[ibofHandler.go:39 ReadFromIBoFSocket()] 
2021-08-16T22:54:32+09:00 [INFO] readFromIBoFSocket : Message Receive Success[ibofHandler.go:50 ReadFromIBoFSocket()] 
2021-08-16T22:54:32+09:00 [INFO] Response From iBoF : {"command":"ARRAYINFO","rid":"ff205c9e-4abc-4cc4-b1a8-bb524331fd0c","result":{"status":{"code":0,"description":"POSArray information"},"data":{"name":"POSArray","state":"NORMAL","situation":"NORMAL","createDatetime":"2021-08-16 10:48:33 +0900","updateDatetime":"2021-08-16 10:48:33 +0900","rebuildingProgress":"0","capacity":17394617549,"used":2147483648,"devicelist":[{"type":"BUFFER","name":"uram0"},{"type":"DATA","name":"unvme-ns-0"},{"type":"DATA","name":"unvme-ns-0"},{"type":"DATA","name":"unvme-ns-0"},{"type":"DATA","name":"unvme-ns-0"},{"type":"DATA","name":"unvme-ns-0"}]}},"info":{"version":"pos-0.9.2"}}[messageHandler.go:103 sendIBoF()] 
2021-08-16T22:54:32+09:00 [INFO] Connection Cloase : 127.0.0.1:60610[ibofHandler.go:28 DisconnectToIBoFOS()] 
2021-08-16T22:54:32+09:00 [DEBU] {ARRAYINFO ff205c9e-4abc-4cc4-b1a8-bb524331fd0c {0 POSArray  [] [] [] }}[array.go:36 GetArray()] 
2021-08-16T22:54:32+09:00 [DEBU] {ff205c9e-4abc-4cc4-b1a8-bb524331fd0c 1629122072 {{ 0  POSArray information  } map[capacity:17394617549 createDatetime:2021-08-16 10:48:33 +0900 devicelist:[map[name:uram0 type:BUFFER] map[name:unvme-ns-0 type:DATA] map[name:unvme-ns-0 type:DATA] map[name:unvme-ns-0 type:DATA] map[name:unvme-ns-0 type:DATA] map[name:unvme-ns-0 type:DATA]] name:POSArray rebuildingProgress:0 situation:NORMAL state:NORMAL updateDatetime:2021-08-16 10:48:33 +0900 used:2147483648]} map[version:pos-0.9.2]}[array.go:37 GetArray()] 
2021-08-16T22:58:03+09:00 [DEBU] sendIBoF : {Command:ARRAYINFO Rid:10b1c8e6-efc5-47e5-8e1c-53b7d97deac0 Param:{FtType:0 Name:POSArray RaidType: Buffer:[] Data:[] Spare:[] Array:}}[messageHandler.go:88 sendIBoF()] 
2021-08-16T22:58:03+09:00 [INFO] WriteToIBoFSocket : Write Success
[ibofHandler.go:69 WriteToIBoFSocket()] 
2021-08-16T22:58:03+09:00 [INFO] readFromIBoFSocket Start[ibofHandler.go:39 ReadFromIBoFSocket()] 
2021-08-16T22:58:03+09:00 [INFO] readFromIBoFSocket : Message Receive Success[ibofHandler.go:50 ReadFromIBoFSocket()] 
2021-08-16T22:58:03+09:00 [INFO] Response From iBoF : {"command":"ARRAYINFO","rid":"10b1c8e6-efc5-47e5-8e1c-53b7d97deac0","result":{"status":{"code":0,"description":"POSArray information"},"data":{"name":"POSArray","state":"NORMAL","situation":"NORMAL","createDatetime":"2021-08-16 10:48:33 +0900","updateDatetime":"2021-08-16 10:48:33 +0900","rebuildingProgress":"0","capacity":17394617549,"used":2147483648,"devicelist":[{"type":"BUFFER","name":"uram0"},{"type":"DATA","name":"unvme-ns-0"},{"type":"DATA","name":"unvme-ns-0"},{"type":"DATA","name":"unvme-ns-0"},{"type":"DATA","name":"unvme-ns-0"},{"type":"DATA","name":"unvme-ns-0"}]}},"info":{"version":"pos-0.9.2"}}[messageHandler.go:103 sendIBoF()] 
2021-08-16T22:58:03+09:00 [INFO] Connection Cloase : 127.0.0.1:60626[ibofHandler.go:28 DisconnectToIBoFOS()] 
2021-08-16T22:58:03+09:00 [DEBU] {ARRAYINFO 10b1c8e6-efc5-47e5-8e1c-53b7d97deac0 {0 POSArray  [] [] [] }}[array.go:36 GetArray()] 
2021-08-16T22:58:03+09:00 [DEBU] {10b1c8e6-efc5-47e5-8e1c-53b7d97deac0 1629122283 {{ 0  POSArray information  } map[capacity:17394617549 createDatetime:2021-08-16 10:48:33 +0900 devicelist:[map[name:uram0 type:BUFFER] map[name:unvme-ns-0 type:DATA] map[name:unvme-ns-0 type:DATA] map[name:unvme-ns-0 type:DATA] map[name:unvme-ns-0 type:DATA] map[name:unvme-ns-0 type:DATA]] name:POSArray rebuildingProgress:0 situation:NORMAL state:NORMAL updateDatetime:2021-08-16 10:48:33 +0900 used:2147483648]} map[version:pos-0.9.2]}[array.go:37 GetArray()] 
2021-08-16T22:59:50+09:00 [DEBU] sendIBoF : {Command:GETIBOFOSINFO Rid:29178b41-4aec-48f1-ae5c-8fb830798753 Param:{Level:POSArray}}[messageHandler.go:88 sendIBoF()] 
2021-08-16T22:59:50+09:00 [INFO] WriteToIBoFSocket : Write Success
[ibofHandler.go:69 WriteToIBoFSocket()] 
2021-08-16T22:59:50+09:00 [INFO] readFromIBoFSocket Start[ibofHandler.go:39 ReadFromIBoFSocket()] 
2021-08-16T22:59:51+09:00 [INFO] readFromIBoFSocket : Message Receive Success[ibofHandler.go:50 ReadFromIBoFSocket()] 
2021-08-16T22:59:51+09:00 [INFO] Response From iBoF : {"command":"GETIBOFOSINFO","rid":"29178b41-4aec-48f1-ae5c-8fb830798753","result":{"status":{"code":0,"description":"DONE"},"data":{"version":"pos-0.9.2"}},"info":{"version":"pos-0.9.2"}}[messageHandler.go:103 sendIBoF()] 
2021-08-16T22:59:51+09:00 [INFO] Connection Cloase : 127.0.0.1:60634[ibofHandler.go:28 DisconnectToIBoFOS()] 
2021-08-16T22:59:51+09:00 [DEBU] {GETIBOFOSINFO 29178b41-4aec-48f1-ae5c-8fb830798753 {POSArray}}[system.go:36 GetSystem()] 
2021-08-16T22:59:51+09:00 [DEBU] {29178b41-4aec-48f1-ae5c-8fb830798753 1629122391 {{ 0  DONE  } map[version:pos-0.9.2]} map[version:pos-0.9.2]}[system.go:37 GetSystem()] 
2021-08-16T22:59:57+09:00 [DEBU] sendIBoF : {Command:ARRAYINFO Rid:7420287b-282f-4635-b152-e4d266f4f478 Param:{FtType:0 Name:POSArray RaidType: Buffer:[] Data:[] Spare:[] Array:}}[messageHandler.go:88 sendIBoF()] 
2021-08-16T22:59:57+09:00 [INFO] WriteToIBoFSocket : Write Success
[ibofHandler.go:69 WriteToIBoFSocket()] 
2021-08-16T22:59:57+09:00 [INFO] readFromIBoFSocket Start[ibofHandler.go:39 ReadFromIBoFSocket()] 
2021-08-16T22:59:57+09:00 [INFO] readFromIBoFSocket : Message Receive Success[ibofHandler.go:50 ReadFromIBoFSocket()] 
2021-08-16T22:59:57+09:00 [INFO] Response From iBoF : {"command":"ARRAYINFO","rid":"7420287b-282f-4635-b152-e4d266f4f478","result":{"status":{"code":0,"description":"POSArray information"},"data":{"name":"POSArray","state":"NORMAL","situation":"NORMAL","createDatetime":"2021-08-16 10:48:33 +0900","updateDatetime":"2021-08-16 10:48:33 +0900","rebuildingProgress":"0","capacity":17394617549,"used":2147483648,"devicelist":[{"type":"BUFFER","name":"uram0"},{"type":"DATA","name":"unvme-ns-0"},{"type":"DATA","name":"unvme-ns-0"},{"type":"DATA","name":"unvme-ns-0"},{"type":"DATA","name":"unvme-ns-0"},{"type":"DATA","name":"unvme-ns-0"}]}},"info":{"version":"pos-0.9.2"}}[messageHandler.go:103 sendIBoF()] 
2021-08-16T22:59:57+09:00 [INFO] Connection Cloase : 127.0.0.1:60638[ibofHandler.go:28 DisconnectToIBoFOS()] 
2021-08-16T22:59:57+09:00 [DEBU] {ARRAYINFO 7420287b-282f-4635-b152-e4d266f4f478 {0 POSArray  [] [] [] }}[array.go:36 GetArray()] 
2021-08-16T22:59:57+09:00 [DEBU] {7420287b-282f-4635-b152-e4d266f4f478 1629122397 {{ 0  POSArray information  } map[capacity:17394617549 createDatetime:2021-08-16 10:48:33 +0900 devicelist:[map[name:uram0 type:BUFFER] map[name:unvme-ns-0 type:DATA] map[name:unvme-ns-0 type:DATA] map[name:unvme-ns-0 type:DATA] map[name:unvme-ns-0 type:DATA] map[name:unvme-ns-0 type:DATA]] name:POSArray rebuildingProgress:0 situation:NORMAL state:NORMAL updateDatetime:2021-08-16 10:48:33 +0900 used:2147483648]} map[version:pos-0.9.2]}[array.go:37 GetArray()] 
2021-08-16T23:20:11+09:00 [DEBU] sendIBoF : {Command:LISTDEVICE Rid:5a64eced-fbd7-4096-a403-7d321f464635 Param:{Level:}}[messageHandler.go:88 sendIBoF()] 
2021-08-16T23:20:11+09:00 [INFO] WriteToIBoFSocket : Write Success
[ibofHandler.go:69 WriteToIBoFSocket()] 
2021-08-16T23:20:11+09:00 [INFO] readFromIBoFSocket Start[ibofHandler.go:39 ReadFromIBoFSocket()] 
2021-08-16T23:20:11+09:00 [INFO] readFromIBoFSocket : Message Receive Success[ibofHandler.go:50 ReadFromIBoFSocket()] 
2021-08-16T23:20:11+09:00 [INFO] Response From iBoF : {"command":"LISTDEVICE","rid":"5a64eced-fbd7-4096-a403-7d321f464635","result":{"status":{"code":0,"description":"list of existing devices"},"data":{"devicelist":[{"name":"unvme-ns-0","size":5368709120,"mn":"ORCL-VBOX-NVME-VER12                    ","sn":"VB1234-56789        ","type":"SSD","addr":"0000:00:0e.0","class":"ARRAY","numa":"0"},{"name":"unvme-ns-1","size":5368709120,"mn":"ORCL-VBOX-NVME-VER12                    ","sn":"VB1234-56789        ","type":"SSD","addr":"0000:00:0e.0","class":"SYSTEM","numa":"0"},{"name":"unvme-ns-2","size":5368709120,"mn":"ORCL-VBOX-NVME-VER12                    ","sn":"VB1234-56789        ","type":"SSD","addr":"0000:00:0e.0","class":"SYSTEM","numa":"0"},{"name":"unvme-ns-3","size":5368709120,"mn":"ORCL-VBOX-NVME-VER12                    ","sn":"VB1234-56789        ","type":"SSD","addr":"0000:00:0e.0","class":"SYSTEM","numa":"0"},{"name":"unvme-ns-4","size":5368709120,"mn":"ORCL-VBOX-NVME-VER12                    ","sn":"VB1234-56789        ","type":"SSD","addr":"0000:00:0e.0","class":"SYSTEM","numa":"0"},{"name":"uram0","size":2147483648,"mn":"uram0","sn":"uram0","type":"NVRAM","addr":"","class":"ARRAY","numa":"UNKNOWN"}]}},"info":{"version":"pos-0.9.2"}}[messageHandler.go:103 sendIBoF()] 
2021-08-16T23:20:11+09:00 [INFO] Connection Cloase : 127.0.0.1:60732[ibofHandler.go:28 DisconnectToIBoFOS()] 
2021-08-16T23:20:11+09:00 [DEBU] {LISTDEVICE 5a64eced-fbd7-4096-a403-7d321f464635 {}}[device.go:34 GetDevice()] 
2021-08-16T23:20:11+09:00 [DEBU] {5a64eced-fbd7-4096-a403-7d321f464635 1629123611 {{ 0  list of existing devices  } map[devicelist:[map[addr:0000:00:0e.0 class:ARRAY mn:ORCL-VBOX-NVME-VER12                     name:unvme-ns-0 numa:0 size:5368709120 sn:VB1234-56789         type:SSD] map[addr:0000:00:0e.0 class:SYSTEM mn:ORCL-VBOX-NVME-VER12                     name:unvme-ns-1 numa:0 size:5368709120 sn:VB1234-56789         type:SSD] map[addr:0000:00:0e.0 class:SYSTEM mn:ORCL-VBOX-NVME-VER12                     name:unvme-ns-2 numa:0 size:5368709120 sn:VB1234-56789         type:SSD] map[addr:0000:00:0e.0 class:SYSTEM mn:ORCL-VBOX-NVME-VER12                     name:unvme-ns-3 numa:0 size:5368709120 sn:VB1234-56789         type:SSD] map[addr:0000:00:0e.0 class:SYSTEM mn:ORCL-VBOX-NVME-VER12                     name:unvme-ns-4 numa:0 size:5368709120 sn:VB1234-56789         type:SSD] map[addr: class:ARRAY mn:uram0 name:uram0 numa:UNKNOWN size:2147483648 sn:uram0 type:NVRAM]]]} map[version:pos-0.9.2]}[device.go:35 GetDevice()] 
2021-08-16T23:22:17+09:00 [DEBU] sendIBoF : {Command:LISTDEVICE Rid:cbc5f67a-479a-4c50-9cf7-b94a78f61527 Param:{Level:}}[messageHandler.go:88 sendIBoF()] 
2021-08-16T23:22:17+09:00 [INFO] WriteToIBoFSocket : Write Success
[ibofHandler.go:69 WriteToIBoFSocket()] 
2021-08-16T23:22:17+09:00 [INFO] readFromIBoFSocket Start[ibofHandler.go:39 ReadFromIBoFSocket()] 
2021-08-16T23:22:17+09:00 [INFO] readFromIBoFSocket : Message Receive Success[ibofHandler.go:50 ReadFromIBoFSocket()] 
2021-08-16T23:22:17+09:00 [INFO] Response From iBoF : {"command":"LISTDEVICE","rid":"cbc5f67a-479a-4c50-9cf7-b94a78f61527","result":{"status":{"code":0,"description":"list of existing devices"},"data":{"devicelist":[{"name":"unvme-ns-0","size":5368709120,"mn":"ORCL-VBOX-NVME-VER12                    ","sn":"VB1234-56789        ","type":"SSD","addr":"0000:00:0e.0","class":"ARRAY","numa":"0"},{"name":"unvme-ns-1","size":5368709120,"mn":"ORCL-VBOX-NVME-VER12                    ","sn":"VB1234-56789        ","type":"SSD","addr":"0000:00:0e.0","class":"SYSTEM","numa":"0"},{"name":"unvme-ns-2","size":5368709120,"mn":"ORCL-VBOX-NVME-VER12                    ","sn":"VB1234-56789        ","type":"SSD","addr":"0000:00:0e.0","class":"SYSTEM","numa":"0"},{"name":"unvme-ns-3","size":5368709120,"mn":"ORCL-VBOX-NVME-VER12                    ","sn":"VB1234-56789        ","type":"SSD","addr":"0000:00:0e.0","class":"SYSTEM","numa":"0"},{"name":"unvme-ns-4","size":5368709120,"mn":"ORCL-VBOX-NVME-VER12                    ","sn":"VB1234-56789        ","type":"SSD","addr":"0000:00:0e.0","class":"SYSTEM","numa":"0"},{"name":"uram0","size":2147483648,"mn":"uram0","sn":"uram0","type":"NVRAM","addr":"","class":"ARRAY","numa":"UNKNOWN"}]}},"info":{"version":"pos-0.9.2"}}[messageHandler.go:103 sendIBoF()] 
2021-08-16T23:22:17+09:00 [INFO] Connection Cloase : 127.0.0.1:60748[ibofHandler.go:28 DisconnectToIBoFOS()] 
2021-08-16T23:22:17+09:00 [DEBU] {Command:LISTDEVICE Rid:cbc5f67a-479a-4c50-9cf7-b94a78f61527 Param:{Level:}}[device.go:34 GetDevice()] 
2021-08-16T23:22:17+09:00 [DEBU] {Rid:cbc5f67a-479a-4c50-9cf7-b94a78f61527 LastSuccessTime:1629123737 Result:{Status:{Module: Code:0 Level: Description:list of existing devices Problem: Solution:} Data:map[devicelist:[map[addr:0000:00:0e.0 class:ARRAY mn:ORCL-VBOX-NVME-VER12                     name:unvme-ns-0 numa:0 size:5368709120 sn:VB1234-56789         type:SSD] map[addr:0000:00:0e.0 class:SYSTEM mn:ORCL-VBOX-NVME-VER12                     name:unvme-ns-1 numa:0 size:5368709120 sn:VB1234-56789         type:SSD] map[addr:0000:00:0e.0 class:SYSTEM mn:ORCL-VBOX-NVME-VER12                     name:unvme-ns-2 numa:0 size:5368709120 sn:VB1234-56789         type:SSD] map[addr:0000:00:0e.0 class:SYSTEM mn:ORCL-VBOX-NVME-VER12                     name:unvme-ns-3 numa:0 size:5368709120 sn:VB1234-56789         type:SSD] map[addr:0000:00:0e.0 class:SYSTEM mn:ORCL-VBOX-NVME-VER12                     name:unvme-ns-4 numa:0 size:5368709120 sn:VB1234-56789         type:SSD] map[addr: class:ARRAY mn:uram0 name:uram0 numa:UNKNOWN size:2147483648 sn:uram0 type:NVRAM]]]} Info:map[version:pos-0.9.2]}[device.go:35 GetDevice()] 
2021-08-16T23:26:07+09:00 [DEBU] sendIBoF : {Command:LISTDEVICE Rid:fb225d71-15cf-4979-9dc7-21305486e12c Param:{Level:}}[messageHandler.go:88 sendIBoF()] 
2021-08-16T23:26:07+09:00 [INFO] WriteToIBoFSocket : Write Success
[ibofHandler.go:69 WriteToIBoFSocket()] 
2021-08-16T23:26:07+09:00 [INFO] readFromIBoFSocket Start[ibofHandler.go:39 ReadFromIBoFSocket()] 
2021-08-16T23:26:07+09:00 [INFO] readFromIBoFSocket : Message Receive Success[ibofHandler.go:50 ReadFromIBoFSocket()] 
2021-08-16T23:26:07+09:00 [INFO] Response From iBoF : {"command":"LISTDEVICE","rid":"fb225d71-15cf-4979-9dc7-21305486e12c","result":{"status":{"code":0,"description":"list of existing devices"},"data":{"devicelist":[{"name":"unvme-ns-0","size":5368709120,"mn":"ORCL-VBOX-NVME-VER12                    ","sn":"VB1234-56789        ","type":"SSD","addr":"0000:00:0e.0","class":"ARRAY","numa":"0"},{"name":"unvme-ns-1","size":5368709120,"mn":"ORCL-VBOX-NVME-VER12                    ","sn":"VB1234-56789        ","type":"SSD","addr":"0000:00:0e.0","class":"SYSTEM","numa":"0"},{"name":"unvme-ns-2","size":5368709120,"mn":"ORCL-VBOX-NVME-VER12                    ","sn":"VB1234-56789        ","type":"SSD","addr":"0000:00:0e.0","class":"SYSTEM","numa":"0"},{"name":"unvme-ns-3","size":5368709120,"mn":"ORCL-VBOX-NVME-VER12                    ","sn":"VB1234-56789        ","type":"SSD","addr":"0000:00:0e.0","class":"SYSTEM","numa":"0"},{"name":"unvme-ns-4","size":5368709120,"mn":"ORCL-VBOX-NVME-VER12                    ","sn":"VB1234-56789        ","type":"SSD","addr":"0000:00:0e.0","class":"SYSTEM","numa":"0"},{"name":"uram0","size":2147483648,"mn":"uram0","sn":"uram0","type":"NVRAM","addr":"","class":"ARRAY","numa":"UNKNOWN"}]}},"info":{"version":"pos-0.9.2"}}[messageHandler.go:103 sendIBoF()] 
2021-08-16T23:26:07+09:00 [INFO] Connection Cloase : 127.0.0.1:60768[ibofHandler.go:28 DisconnectToIBoFOS()] 
2021-08-16T23:26:07+09:00 [DEBU] {Command:LISTDEVICE Rid:fb225d71-15cf-4979-9dc7-21305486e12c Param:{Level:}}[device.go:34 GetDevice()] 
2021-08-16T23:26:07+09:00 [DEBU] {Rid:fb225d71-15cf-4979-9dc7-21305486e12c LastSuccessTime:1629123967 Result:{Status:{Module: Code:0 Level: Description:list of existing devices Problem: Solution:} Data:map[devicelist:[map[addr:0000:00:0e.0 class:ARRAY mn:ORCL-VBOX-NVME-VER12                     name:unvme-ns-0 numa:0 size:5368709120 sn:VB1234-56789         type:SSD] map[addr:0000:00:0e.0 class:SYSTEM mn:ORCL-VBOX-NVME-VER12                     name:unvme-ns-1 numa:0 size:5368709120 sn:VB1234-56789         type:SSD] map[addr:0000:00:0e.0 class:SYSTEM mn:ORCL-VBOX-NVME-VER12                     name:unvme-ns-2 numa:0 size:5368709120 sn:VB1234-56789         type:SSD] map[addr:0000:00:0e.0 class:SYSTEM mn:ORCL-VBOX-NVME-VER12                     name:unvme-ns-3 numa:0 size:5368709120 sn:VB1234-56789         type:SSD] map[addr:0000:00:0e.0 class:SYSTEM mn:ORCL-VBOX-NVME-VER12                     name:unvme-ns-4 numa:0 size:5368709120 sn:VB1234-56789         type:SSD] map[addr: class:ARRAY mn:uram0 name:uram0 numa:UNKNOWN size:2147483648 sn:uram0 type:NVRAM]]]} Info:map[version:pos-0.9.2]}[device.go:35 GetDevice()] 
2021-08-16T23:49:49+09:00 [DEBU] sendIBoF : {Command:LISTVOLUME Rid:13b09e55-9e07-477b-9aec-6a51a3984920 Param:{Level:}}[messageHandler.go:88 sendIBoF()] 
2021-08-16T23:49:49+09:00 [INFO] WriteToIBoFSocket : Write Success
[ibofHandler.go:69 WriteToIBoFSocket()] 
2021-08-16T23:49:49+09:00 [INFO] readFromIBoFSocket Start[ibofHandler.go:39 ReadFromIBoFSocket()] 
2021-08-16T23:49:49+09:00 [INFO] readFromIBoFSocket : Message Receive Success[ibofHandler.go:50 ReadFromIBoFSocket()] 
2021-08-16T23:49:49+09:00 [INFO] Response From iBoF : {"command":"LISTVOLUME","rid":"13b09e55-9e07-477b-9aec-6a51a3984920","result":{"status":{"code":0,"description":"list of volumes in POSArray"},"data":{"volumes":[{"name":"vol1","id":0,"total":2147483648,"remain":2147483648,"status":"Mounted","maxiops":0,"maxbw":0}]}},"info":{"version":"pos-0.9.2"}}[messageHandler.go:103 sendIBoF()] 
2021-08-16T23:49:49+09:00 [INFO] Connection Cloase : 127.0.0.1:60858[ibofHandler.go:28 DisconnectToIBoFOS()] 
2021-08-16T23:49:49+09:00 [DEBU] {Command:LISTVOLUME Rid:13b09e55-9e07-477b-9aec-6a51a3984920 Param:{Level:}}[volume.go:34 GetVolume()] 
2021-08-16T23:49:49+09:00 [DEBU] {Rid:13b09e55-9e07-477b-9aec-6a51a3984920 LastSuccessTime:1629125389 Result:{Status:{Module: Code:0 Level: Description:list of volumes in POSArray Problem: Solution:} Data:map[volumes:[map[id:0 maxbw:0 maxiops:0 name:vol1 remain:2147483648 status:Mounted total:2147483648]]]} Info:map[version:pos-0.9.2]}[volume.go:35 GetVolume()] 
